2026-03-22 00:39:02,487 - INFO - ==== DATA PREPARATION PIPELINE STARTED ====
2026-03-22 00:39:02,501 - INFO - Downloading NLTK resources...
2026-03-22 00:39:02,822 - INFO - NLTK resources downloaded and initialized.
2026-03-22 00:39:02,835 - INFO - Loading CSV file...
2026-03-22 00:39:02,915 - INFO - Data loaded: 7613 rows, 5 columns
2026-03-22 00:39:02,952 - INFO - Data previewed with head().
2026-03-22 00:39:02,953 - INFO - Data shape: (7613, 5)
2026-03-22 00:39:02,953 - INFO - Columns: ['id', 'keyword', 'location', 'text', 'target']
2026-03-22 00:39:02,953 - INFO - Data types:
id           int64
keyword     object
location    object
text        object
target       int64
dtype: object
2026-03-22 00:39:03,036 - INFO - Target distribution:
Non-Disaster (0)    4342
Disaster (1)        3271
Name: count, dtype: int64
2026-03-22 00:39:03,344 - INFO - Target distribution plotted.
2026-03-22 00:39:04,106 - INFO - Using categorical units to plot a list of strings that are all parsable as floats or dates. If these strings should be plotted as numbers, cast to the appropriate data type before plotting.
2026-03-22 00:39:04,127 - INFO - Using categorical units to plot a list of strings that are all parsable as floats or dates. If these strings should be plotted as numbers, cast to the appropriate data type before plotting.
2026-03-22 00:39:04,567 - INFO - Using categorical units to plot a list of strings that are all parsable as floats or dates. If these strings should be plotted as numbers, cast to the appropriate data type before plotting.
2026-03-22 00:39:04,577 - INFO - Using categorical units to plot a list of strings that are all parsable as floats or dates. If these strings should be plotted as numbers, cast to the appropriate data type before plotting.
2026-03-22 00:39:05,041 - INFO - Top 20 keywords:
keyword
missing        61
fatalities     45
deluge         42
armageddon     42
damage         41
body%20bags    41
harm           41
sinking        41
evacuate       40
outbreak       40
fear           40
siren          40
windstorm      40
collided       40
twister        40
hellfire       39
famine         39
flames         39
weapon         39
wreckage       39
Name: count, dtype: int64
2026-03-22 00:39:05,273 - INFO - Top 20 keywords plotted.
2026-03-22 00:39:05,284 - INFO - Creating EDA features...
2026-03-22 00:39:05,328 - INFO - EDA features created.
2026-03-22 00:39:05,336 - INFO - Summarizing EDA features by target class...
2026-03-22 00:39:05,345 - INFO - EDA summary by target class:
        text_length_chars  word_count  has_hashtag  has_mention   has_url
target                                                                   
0               95.706817   14.704744     0.204053     0.313911  0.415016
1              108.113421   15.167533     0.267502     0.206665  0.664629
2026-03-22 00:39:05,356 - INFO - EDA summary by target class:
        text_length_chars  word_count  has_hashtag  has_mention   has_url
target                                                                   
0               95.706817   14.704744     0.204053     0.313911  0.415016
1              108.113421   15.167533     0.267502     0.206665  0.664629
2026-03-22 00:39:05,534 - INFO - Features plotted by target class.
2026-03-22 00:39:05,544 - INFO - Plotting density plot of tweet length by target class...
2026-03-22 00:39:05,769 - INFO - Density plot of tweet length by target class plotted.
2026-03-22 00:39:05,791 - INFO - Cleaning text data with clean_text function...
2026-03-22 00:39:05,926 - INFO - Text data cleaned.
2026-03-22 00:39:05,940 - INFO - Tokenizing clean text data...
2026-03-22 00:39:05,953 - INFO - Text cleaning and tokenization completed.
2026-03-22 00:39:05,970 - INFO - Analyzing text length distribution before and after cleaning...
2026-03-22 00:39:06,327 - INFO - Text length distribution before and after cleaning plotted.
2026-03-22 00:39:06,347 - INFO - ==== DATA PREPARATION PIPELINE COMPLETED ====
2026-03-22 00:39:06,443 - INFO - Prepared data saved to: ../data/train_prepared.csv
2026-03-22 00:47:28,578 - INFO - ==== DATA PREPARATION PIPELINE STARTED ====
2026-03-22 00:47:28,587 - INFO - Downloading NLTK resources...
2026-03-22 00:47:28,589 - INFO - NLTK resources downloaded and initialized.
2026-03-22 00:47:28,602 - INFO - Loading CSV file...
2026-03-22 00:47:28,621 - INFO - Data loaded: 7613 rows, 5 columns
2026-03-22 00:47:28,632 - INFO - Data previewed with head().
2026-03-22 00:47:28,632 - INFO - Data shape: (7613, 5)
2026-03-22 00:47:28,632 - INFO - Columns: ['id', 'keyword', 'location', 'text', 'target']
2026-03-22 00:47:28,632 - INFO - Data types:
id           int64
keyword     object
location    object
text        object
target       int64
dtype: object
2026-03-22 00:47:28,666 - INFO - Target distribution:
Non-Disaster (0)    4342
Disaster (1)        3271
Name: count, dtype: int64
2026-03-22 00:47:28,775 - INFO - Target distribution plotted.
2026-03-22 00:47:29,271 - INFO - Using categorical units to plot a list of strings that are all parsable as floats or dates. If these strings should be plotted as numbers, cast to the appropriate data type before plotting.
2026-03-22 00:47:29,278 - INFO - Using categorical units to plot a list of strings that are all parsable as floats or dates. If these strings should be plotted as numbers, cast to the appropriate data type before plotting.
2026-03-22 00:47:29,510 - INFO - Using categorical units to plot a list of strings that are all parsable as floats or dates. If these strings should be plotted as numbers, cast to the appropriate data type before plotting.
2026-03-22 00:47:29,516 - INFO - Using categorical units to plot a list of strings that are all parsable as floats or dates. If these strings should be plotted as numbers, cast to the appropriate data type before plotting.
2026-03-22 00:47:29,758 - INFO - Top 20 keywords:
keyword
missing        61
fatalities     45
deluge         42
armageddon     42
damage         41
body%20bags    41
harm           41
sinking        41
evacuate       40
outbreak       40
fear           40
siren          40
windstorm      40
collided       40
twister        40
hellfire       39
famine         39
flames         39
weapon         39
wreckage       39
Name: count, dtype: int64
2026-03-22 00:47:29,940 - INFO - Top 20 keywords plotted.
2026-03-22 00:47:29,952 - INFO - Creating EDA features...
2026-03-22 00:47:29,988 - INFO - EDA features created.
2026-03-22 00:47:29,995 - INFO - Summarizing EDA features by target class...
2026-03-22 00:47:29,997 - INFO - EDA summary by target class:
        text_length_chars  word_count  has_hashtag  has_mention   has_url
target                                                                   
0               95.706817   14.704744     0.204053     0.313911  0.415016
1              108.113421   15.167533     0.267502     0.206665  0.664629
2026-03-22 00:47:30,007 - INFO - EDA summary by target class:
        text_length_chars  word_count  has_hashtag  has_mention   has_url
target                                                                   
0               95.706817   14.704744     0.204053     0.313911  0.415016
1              108.113421   15.167533     0.267502     0.206665  0.664629
2026-03-22 00:47:30,145 - INFO - Features plotted by target class.
2026-03-22 00:47:30,154 - INFO - Plotting density plot of tweet length by target class...
2026-03-22 00:47:30,356 - INFO - Density plot of tweet length by target class plotted.
2026-03-22 00:47:30,371 - INFO - Cleaning text data with clean_text function...
2026-03-22 00:47:30,466 - INFO - Text data cleaned.
2026-03-22 00:47:30,477 - INFO - Tokenizing clean text data...
2026-03-22 00:47:30,485 - INFO - Text cleaning and tokenization completed.
2026-03-22 00:47:30,498 - INFO - Analyzing text length distribution before and after cleaning...
2026-03-22 00:47:30,819 - INFO - Text length distribution before and after cleaning plotted.
2026-03-22 00:47:30,827 - INFO - ==== DATA PREPARATION PIPELINE COMPLETED ====
2026-03-22 00:47:30,898 - INFO - Prepared data saved to: ../data/train_prepared.csv
2026-03-22 04:55:36,529 - INFO - ==== DATA PREPARATION PIPELINE STARTED ====
2026-03-22 04:55:36,543 - INFO - Downloading NLTK resources...
2026-03-22 04:55:36,843 - INFO - NLTK resources downloaded and initialized.
2026-03-22 04:55:36,854 - INFO - Loading CSV file...
2026-03-22 04:55:36,903 - INFO - Data loaded: 7613 rows, 5 columns
2026-03-22 04:55:36,929 - INFO - Data previewed with head().
2026-03-22 04:55:36,929 - INFO - Data shape: (7613, 5)
2026-03-22 04:55:36,929 - INFO - Columns: ['id', 'keyword', 'location', 'text', 'target']
2026-03-22 04:55:36,930 - INFO - Data types:
id           int64
keyword     object
location    object
text        object
target       int64
dtype: object
2026-03-22 04:55:36,984 - INFO - Target distribution:
Non-Disaster (0)    4342
Disaster (1)        3271
Name: count, dtype: int64
2026-03-22 04:55:37,240 - INFO - Target distribution plotted.
2026-03-22 04:55:37,817 - INFO - Using categorical units to plot a list of strings that are all parsable as floats or dates. If these strings should be plotted as numbers, cast to the appropriate data type before plotting.
2026-03-22 04:55:37,828 - INFO - Using categorical units to plot a list of strings that are all parsable as floats or dates. If these strings should be plotted as numbers, cast to the appropriate data type before plotting.
2026-03-22 04:55:38,007 - INFO - Using categorical units to plot a list of strings that are all parsable as floats or dates. If these strings should be plotted as numbers, cast to the appropriate data type before plotting.
2026-03-22 04:55:38,022 - INFO - Using categorical units to plot a list of strings that are all parsable as floats or dates. If these strings should be plotted as numbers, cast to the appropriate data type before plotting.
2026-03-22 04:55:38,397 - INFO - Top 20 keywords:
keyword
missing        61
fatalities     45
deluge         42
armageddon     42
damage         41
body%20bags    41
harm           41
sinking        41
evacuate       40
outbreak       40
fear           40
siren          40
windstorm      40
collided       40
twister        40
hellfire       39
famine         39
flames         39
weapon         39
wreckage       39
Name: count, dtype: int64
2026-03-22 04:55:38,602 - INFO - Top 20 keywords plotted.
2026-03-22 04:55:38,616 - INFO - Creating EDA features...
2026-03-22 04:55:38,667 - INFO - EDA features created.
2026-03-22 04:55:38,678 - INFO - Summarizing EDA features by target class...
2026-03-22 04:55:38,682 - INFO - EDA summary by target class:
        text_length_chars  word_count  has_hashtag  has_mention   has_url
target                                                                   
0               95.706817   14.704744     0.204053     0.313911  0.415016
1              108.113421   15.167533     0.267502     0.206665  0.664629
2026-03-22 04:55:38,695 - INFO - EDA summary by target class:
        text_length_chars  word_count  has_hashtag  has_mention   has_url
target                                                                   
0               95.706817   14.704744     0.204053     0.313911  0.415016
1              108.113421   15.167533     0.267502     0.206665  0.664629
2026-03-22 04:55:38,827 - INFO - Features plotted by target class.
2026-03-22 04:55:38,839 - INFO - Plotting density plot of tweet length by target class...
2026-03-22 04:55:39,076 - INFO - Density plot of tweet length by target class plotted.
2026-03-22 04:55:39,108 - INFO - Cleaning text data with clean_text function...
2026-03-22 04:55:39,218 - INFO - Text data cleaned.
2026-03-22 04:55:39,235 - INFO - Tokenizing clean text data...
2026-03-22 04:55:39,247 - INFO - Text cleaning and tokenization completed.
2026-03-22 04:55:39,265 - INFO - Analyzing text length distribution before and after cleaning...
2026-03-22 04:55:39,644 - INFO - Text length distribution before and after cleaning plotted.
2026-03-22 04:55:39,683 - INFO - ==== DATA PREPARATION PIPELINE COMPLETED ====
2026-03-22 04:55:39,833 - INFO - Prepared data saved to: ../data/train_prepared.csv
2026-03-22 05:29:36,277 - INFO - ==== DATA PREPARATION PIPELINE STARTED ====
2026-03-22 05:29:36,292 - INFO - Downloading NLTK resources...
2026-03-22 05:29:36,315 - INFO - NLTK resources downloaded and initialized.
2026-03-22 05:29:36,326 - INFO - Loading CSV file...
2026-03-22 05:29:36,381 - INFO - Data loaded: 7613 rows, 5 columns
2026-03-22 05:29:36,403 - INFO - Data previewed with head().
2026-03-22 05:29:36,404 - INFO - Data shape: (7613, 5)
2026-03-22 05:29:36,404 - INFO - Columns: ['id', 'keyword', 'location', 'text', 'target']
2026-03-22 05:29:36,405 - INFO - Data types:
id           int64
keyword     object
location    object
text        object
target       int64
dtype: object
2026-03-22 05:29:36,458 - INFO - Target distribution:
Non-Disaster (0)    4342
Disaster (1)        3271
Name: count, dtype: int64
2026-03-22 05:29:36,600 - INFO - Target distribution plotted.
2026-03-22 05:29:37,153 - INFO - Using categorical units to plot a list of strings that are all parsable as floats or dates. If these strings should be plotted as numbers, cast to the appropriate data type before plotting.
2026-03-22 05:29:37,161 - INFO - Using categorical units to plot a list of strings that are all parsable as floats or dates. If these strings should be plotted as numbers, cast to the appropriate data type before plotting.
2026-03-22 05:29:37,505 - INFO - Using categorical units to plot a list of strings that are all parsable as floats or dates. If these strings should be plotted as numbers, cast to the appropriate data type before plotting.
2026-03-22 05:29:37,511 - INFO - Using categorical units to plot a list of strings that are all parsable as floats or dates. If these strings should be plotted as numbers, cast to the appropriate data type before plotting.
2026-03-22 05:29:37,909 - INFO - Top 20 keywords:
keyword
missing        61
fatalities     45
deluge         42
armageddon     42
damage         41
body%20bags    41
harm           41
sinking        41
evacuate       40
outbreak       40
fear           40
siren          40
windstorm      40
collided       40
twister        40
hellfire       39
famine         39
flames         39
weapon         39
wreckage       39
Name: count, dtype: int64
2026-03-22 05:29:38,110 - INFO - Top 20 keywords plotted.
2026-03-22 05:29:38,122 - INFO - Creating EDA features...
2026-03-22 05:29:38,164 - INFO - EDA features created.
2026-03-22 05:29:38,175 - INFO - Summarizing EDA features by target class...
2026-03-22 05:29:38,178 - INFO - EDA summary by target class:
        text_length_chars  word_count  has_hashtag  has_mention   has_url
target                                                                   
0               95.706817   14.704744     0.204053     0.313911  0.415016
1              108.113421   15.167533     0.267502     0.206665  0.664629
2026-03-22 05:29:38,191 - INFO - EDA summary by target class:
        text_length_chars  word_count  has_hashtag  has_mention   has_url
target                                                                   
0               95.706817   14.704744     0.204053     0.313911  0.415016
1              108.113421   15.167533     0.267502     0.206665  0.664629
2026-03-22 05:29:38,330 - INFO - Features plotted by target class.
2026-03-22 05:29:38,342 - INFO - Plotting density plot of tweet length by target class...
2026-03-22 05:29:38,569 - INFO - Density plot of tweet length by target class plotted.
2026-03-22 05:29:38,592 - INFO - Cleaning text data with clean_text function...
2026-03-22 05:29:38,707 - INFO - Text data cleaned.
2026-03-22 05:29:38,722 - INFO - Tokenizing clean text data...
2026-03-22 05:29:38,734 - INFO - Text cleaning and tokenization completed.
2026-03-22 05:29:38,753 - INFO - Analyzing text length distribution before and after cleaning...
2026-03-22 05:29:39,145 - INFO - Text length distribution before and after cleaning plotted.
2026-03-22 05:29:39,156 - INFO - ==== DATA PREPARATION PIPELINE COMPLETED ====
2026-03-22 05:29:39,235 - INFO - Prepared data saved to: ../data/train_prepared.csv
2026-03-22 12:12:22,390 - INFO - ==== DATA PREPARATION PIPELINE STARTED ====
2026-03-22 12:12:22,400 - INFO - Downloading NLTK resources...
2026-03-22 12:12:22,672 - INFO - NLTK resources downloaded and initialized.
2026-03-22 12:12:22,679 - INFO - Loading CSV file...
2026-03-22 12:12:22,699 - INFO - Data loaded: 7613 rows, 5 columns
2026-03-22 12:12:22,712 - INFO - Data previewed with head().
2026-03-22 12:12:22,712 - INFO - Data shape: (7613, 5)
2026-03-22 12:12:22,712 - INFO - Columns: ['id', 'keyword', 'location', 'text', 'target']
2026-03-22 12:12:22,713 - INFO - Data types:
id           int64
keyword     object
location    object
text        object
target       int64
dtype: object
2026-03-22 12:12:22,752 - INFO - Target distribution:
Non-Disaster (0)    4342
Disaster (1)        3271
Name: count, dtype: int64
2026-03-22 12:12:22,840 - INFO - Target distribution plotted.
2026-03-22 12:12:23,276 - INFO - Using categorical units to plot a list of strings that are all parsable as floats or dates. If these strings should be plotted as numbers, cast to the appropriate data type before plotting.
2026-03-22 12:12:23,281 - INFO - Using categorical units to plot a list of strings that are all parsable as floats or dates. If these strings should be plotted as numbers, cast to the appropriate data type before plotting.
2026-03-22 12:12:23,389 - INFO - Using categorical units to plot a list of strings that are all parsable as floats or dates. If these strings should be plotted as numbers, cast to the appropriate data type before plotting.
2026-03-22 12:12:23,394 - INFO - Using categorical units to plot a list of strings that are all parsable as floats or dates. If these strings should be plotted as numbers, cast to the appropriate data type before plotting.
2026-03-22 12:12:23,610 - INFO - Top 20 keywords:
keyword
missing        61
fatalities     45
deluge         42
armageddon     42
damage         41
body%20bags    41
harm           41
sinking        41
evacuate       40
outbreak       40
fear           40
siren          40
windstorm      40
collided       40
twister        40
hellfire       39
famine         39
flames         39
weapon         39
wreckage       39
Name: count, dtype: int64
2026-03-22 12:12:23,763 - INFO - Top 20 keywords plotted.
2026-03-22 12:12:23,770 - INFO - Creating EDA features...
2026-03-22 12:12:23,808 - INFO - EDA features created.
2026-03-22 12:12:23,814 - INFO - Summarizing EDA features by target class...
2026-03-22 12:12:23,816 - INFO - EDA summary by target class:
        text_length_chars  word_count  has_hashtag  has_mention   has_url
target                                                                   
0               95.706817   14.704744     0.204053     0.313911  0.415016
1              108.113421   15.167533     0.267502     0.206665  0.664629
2026-03-22 12:12:23,825 - INFO - EDA summary by target class:
        text_length_chars  word_count  has_hashtag  has_mention   has_url
target                                                                   
0               95.706817   14.704744     0.204053     0.313911  0.415016
1              108.113421   15.167533     0.267502     0.206665  0.664629
2026-03-22 12:12:23,926 - INFO - Features plotted by target class.
2026-03-22 12:12:23,933 - INFO - Plotting density plot of tweet length by target class...
2026-03-22 12:12:24,111 - INFO - Density plot of tweet length by target class plotted.
2026-03-22 12:12:24,125 - INFO - Cleaning text data with clean_text function...
2026-03-22 12:12:24,216 - INFO - Text data cleaned.
2026-03-22 12:12:24,227 - INFO - Tokenizing clean text data...
2026-03-22 12:12:24,235 - INFO - Text cleaning and tokenization completed.
2026-03-22 12:12:24,247 - INFO - Analyzing text length distribution before and after cleaning...
2026-03-22 12:12:24,541 - INFO - Text length distribution before and after cleaning plotted.
2026-03-22 12:12:24,548 - INFO - ==== DATA PREPARATION PIPELINE COMPLETED ====
2026-03-22 12:12:24,611 - INFO - Prepared data saved to: ../data/train_prepared.csv
2026-03-22 12:59:46,802 - INFO - ==== DATA PREPARATION PIPELINE STARTED ====
2026-03-22 12:59:46,811 - INFO - Downloading NLTK resources...
2026-03-22 12:59:46,818 - INFO - NLTK resources downloaded and initialized.
2026-03-22 12:59:46,826 - INFO - Loading CSV file...
2026-03-22 12:59:46,884 - INFO - Data loaded: 7613 rows, 5 columns
2026-03-22 12:59:46,900 - INFO - Data previewed with head().
2026-03-22 12:59:46,901 - INFO - Data shape: (7613, 5)
2026-03-22 12:59:46,901 - INFO - Columns: ['id', 'keyword', 'location', 'text', 'target']
2026-03-22 12:59:46,901 - INFO - Data types:
id           int64
keyword     object
location    object
text        object
target       int64
dtype: object
2026-03-22 12:59:46,944 - INFO - Target distribution:
Non-Disaster (0)    4342
Disaster (1)        3271
Name: count, dtype: int64
2026-03-22 12:59:47,052 - INFO - Target distribution plotted.
2026-03-22 12:59:47,519 - INFO - Using categorical units to plot a list of strings that are all parsable as floats or dates. If these strings should be plotted as numbers, cast to the appropriate data type before plotting.
2026-03-22 12:59:47,526 - INFO - Using categorical units to plot a list of strings that are all parsable as floats or dates. If these strings should be plotted as numbers, cast to the appropriate data type before plotting.
2026-03-22 12:59:47,638 - INFO - Using categorical units to plot a list of strings that are all parsable as floats or dates. If these strings should be plotted as numbers, cast to the appropriate data type before plotting.
2026-03-22 12:59:47,644 - INFO - Using categorical units to plot a list of strings that are all parsable as floats or dates. If these strings should be plotted as numbers, cast to the appropriate data type before plotting.
2026-03-22 12:59:47,873 - INFO - Top 20 keywords:
keyword
missing        61
fatalities     45
deluge         42
armageddon     42
damage         41
body%20bags    41
harm           41
sinking        41
evacuate       40
outbreak       40
fear           40
siren          40
windstorm      40
collided       40
twister        40
hellfire       39
famine         39
flames         39
weapon         39
wreckage       39
Name: count, dtype: int64
2026-03-22 12:59:48,035 - INFO - Top 20 keywords plotted.
2026-03-22 12:59:48,043 - INFO - Creating EDA features...
2026-03-22 12:59:48,086 - INFO - EDA features created.
2026-03-22 12:59:48,093 - INFO - Summarizing EDA features by target class...
2026-03-22 12:59:48,098 - INFO - EDA summary by target class:
        text_length_chars  word_count  has_hashtag  has_mention   has_url
target                                                                   
0               95.706817   14.704744     0.204053     0.313911  0.415016
1              108.113421   15.167533     0.267502     0.206665  0.664629
2026-03-22 12:59:48,107 - INFO - EDA summary by target class:
        text_length_chars  word_count  has_hashtag  has_mention   has_url
target                                                                   
0               95.706817   14.704744     0.204053     0.313911  0.415016
1              108.113421   15.167533     0.267502     0.206665  0.664629
2026-03-22 12:59:48,209 - INFO - Features plotted by target class.
2026-03-22 12:59:48,216 - INFO - Plotting density plot of tweet length by target class...
2026-03-22 12:59:48,398 - INFO - Density plot of tweet length by target class plotted.
2026-03-22 12:59:48,414 - INFO - Cleaning text data with clean_text function...
2026-03-22 12:59:48,505 - INFO - Text data cleaned.
2026-03-22 12:59:48,516 - INFO - Tokenizing clean text data...
2026-03-22 12:59:48,525 - INFO - Text cleaning and tokenization completed.
2026-03-22 12:59:48,537 - INFO - Analyzing text length distribution before and after cleaning...
2026-03-22 12:59:48,833 - INFO - Text length distribution before and after cleaning plotted.
2026-03-22 12:59:48,840 - INFO - ==== DATA PREPARATION PIPELINE COMPLETED ====
2026-03-22 12:59:48,905 - INFO - Prepared data saved to: ../data/train_prepared.csv
2026-03-22 13:05:36,594 - INFO - ==== DATA PREPARATION PIPELINE STARTED ====
2026-03-22 13:05:36,601 - INFO - Downloading NLTK resources...
2026-03-22 13:05:36,603 - INFO - NLTK resources downloaded and initialized.
2026-03-22 13:05:36,618 - INFO - Loading CSV file...
2026-03-22 13:05:36,636 - INFO - Data loaded: 7613 rows, 5 columns
2026-03-22 13:05:36,646 - INFO - Data previewed with head().
2026-03-22 13:05:36,647 - INFO - Data shape: (7613, 5)
2026-03-22 13:05:36,647 - INFO - Columns: ['id', 'keyword', 'location', 'text', 'target']
2026-03-22 13:05:36,647 - INFO - Data types:
id           int64
keyword     object
location    object
text        object
target       int64
dtype: object
2026-03-22 13:05:36,680 - INFO - Target distribution:
Non-Disaster (0)    4342
Disaster (1)        3271
Name: count, dtype: int64
2026-03-22 13:05:36,773 - INFO - Target distribution plotted.
2026-03-22 13:05:37,214 - INFO - Using categorical units to plot a list of strings that are all parsable as floats or dates. If these strings should be plotted as numbers, cast to the appropriate data type before plotting.
2026-03-22 13:05:37,220 - INFO - Using categorical units to plot a list of strings that are all parsable as floats or dates. If these strings should be plotted as numbers, cast to the appropriate data type before plotting.
2026-03-22 13:05:37,334 - INFO - Using categorical units to plot a list of strings that are all parsable as floats or dates. If these strings should be plotted as numbers, cast to the appropriate data type before plotting.
2026-03-22 13:05:37,339 - INFO - Using categorical units to plot a list of strings that are all parsable as floats or dates. If these strings should be plotted as numbers, cast to the appropriate data type before plotting.
2026-03-22 13:05:37,558 - INFO - Top 20 keywords:
keyword
missing        61
fatalities     45
deluge         42
armageddon     42
damage         41
body%20bags    41
harm           41
sinking        41
evacuate       40
outbreak       40
fear           40
siren          40
windstorm      40
collided       40
twister        40
hellfire       39
famine         39
flames         39
weapon         39
wreckage       39
Name: count, dtype: int64
2026-03-22 13:05:37,716 - INFO - Top 20 keywords plotted.
2026-03-22 13:05:37,725 - INFO - Creating EDA features...
2026-03-22 13:05:37,763 - INFO - EDA features created.
2026-03-22 13:05:37,771 - INFO - Summarizing EDA features by target class...
2026-03-22 13:05:37,773 - INFO - EDA summary by target class:
        text_length_chars  word_count  has_hashtag  has_mention   has_url
target                                                                   
0               95.706817   14.704744     0.204053     0.313911  0.415016
1              108.113421   15.167533     0.267502     0.206665  0.664629
2026-03-22 13:05:37,782 - INFO - EDA summary by target class:
        text_length_chars  word_count  has_hashtag  has_mention   has_url
target                                                                   
0               95.706817   14.704744     0.204053     0.313911  0.415016
1              108.113421   15.167533     0.267502     0.206665  0.664629
2026-03-22 13:05:37,889 - INFO - Features plotted by target class.
2026-03-22 13:05:37,897 - INFO - Plotting density plot of tweet length by target class...
2026-03-22 13:05:38,084 - INFO - Density plot of tweet length by target class plotted.
2026-03-22 13:05:38,098 - INFO - Cleaning text data with clean_text function...
2026-03-22 13:05:38,192 - INFO - Text data cleaned.
2026-03-22 13:05:38,203 - INFO - Tokenizing clean text data...
2026-03-22 13:05:38,211 - INFO - Text cleaning and tokenization completed.
2026-03-22 13:05:38,224 - INFO - Analyzing text length distribution before and after cleaning...
2026-03-22 13:05:39,101 - INFO - Text length distribution before and after cleaning plotted.
2026-03-22 13:05:39,107 - INFO - ==== DATA PREPARATION PIPELINE COMPLETED ====
2026-03-22 13:05:39,174 - INFO - Prepared data saved to: ../data/train_prepared.csv
