2026-03-20 20:15:24,146 - INFO - ==== DEEP LEARNING LSTM PIPELINE STARTED ====
2026-03-21 14:00:57,537 - INFO - ==== DEEP LEARNING LSTM PIPELINE STARTED ====
2026-03-21 14:00:57,551 - INFO - Loading dataset for deep learning LSTM...
2026-03-21 14:00:57,601 - INFO - Dataset for deep learning LSTM loaded successfully.
2026-03-21 14:00:57,631 - INFO - Preparing data for deep learning LSTM...
2026-03-21 14:00:57,633 - INFO - Data for deep learning LSTM prepared successfully.
2026-03-21 14:00:57,646 - INFO - Tokenizing and padding sequences for deep learning LSTM...
2026-03-21 14:00:57,878 - INFO - Tokenization completed successfully.
2026-03-21 14:03:33,926 - INFO - Starting padding sequences for deep learning LSTM...
2026-03-21 14:03:33,956 - INFO - Padding completed successfully.
2026-03-21 14:05:30,227 - INFO - ==== DEEP LEARNING LSTM PIPELINE STARTED ====
2026-03-21 14:05:30,240 - INFO - Loading dataset for deep learning LSTM...
2026-03-21 14:05:30,276 - INFO - Dataset for deep learning LSTM loaded successfully.
2026-03-21 14:05:30,297 - INFO - Preparing data for deep learning LSTM...
2026-03-21 14:05:30,299 - INFO - Data for deep learning LSTM prepared successfully.
2026-03-21 14:05:30,314 - INFO - Tokenizing and padding sequences for deep learning LSTM...
2026-03-21 14:05:30,515 - INFO - Tokenization completed successfully.
2026-03-21 14:05:30,616 - INFO - Starting padding sequences for deep learning LSTM...
2026-03-21 14:05:30,645 - INFO - Padding completed successfully. X_train_shape=(6090, 100), X_test_shape=(1523, 100)
2026-03-21 14:08:22,401 - INFO - ==== DEEP LEARNING LSTM PIPELINE STARTED ====
2026-03-21 14:08:22,412 - INFO - Loading dataset for deep learning LSTM...
2026-03-21 14:08:22,446 - INFO - Dataset for deep learning LSTM loaded successfully.
2026-03-21 14:08:22,461 - INFO - Preparing data for deep learning LSTM...
2026-03-21 14:08:22,463 - INFO - Data for deep learning LSTM prepared successfully.
2026-03-21 14:08:22,477 - INFO - Tokenizing and padding sequences for deep learning LSTM...
2026-03-21 14:10:03,584 - INFO - ==== DEEP LEARNING LSTM PIPELINE STARTED ====
2026-03-21 14:10:03,596 - INFO - Loading dataset for deep learning LSTM...
2026-03-21 14:10:03,631 - INFO - Dataset for deep learning LSTM loaded successfully.
2026-03-21 14:10:03,648 - INFO - Preparing data for deep learning LSTM...
2026-03-21 14:10:03,650 - INFO - Data for deep learning LSTM prepared successfully.
2026-03-21 14:10:03,662 - INFO - Tokenizing and padding sequences for deep learning LSTM...
2026-03-21 14:10:03,841 - INFO - Tokenization completed successfully. train_sequences=6090, test_sequences=1523, first_train_seq_len=13, first_test_seq_len=10
2026-03-21 14:10:03,945 - INFO - Starting padding sequences for deep learning LSTM...
2026-03-21 14:10:03,976 - INFO - Padding completed successfully. X_train_pad_shape=(6090, 100), X_test_pad_shape=(1523, 100)
2026-03-21 14:12:44,898 - INFO - Building LSTM model for deep learning...
2026-03-21 14:12:45,027 - INFO - LSTM model built successfully.
2026-03-21 14:16:22,189 - INFO - ==== DEEP LEARNING LSTM PIPELINE STARTED ====
2026-03-21 14:16:22,198 - INFO - Loading dataset for deep learning LSTM...
2026-03-21 14:16:22,277 - INFO - Dataset for deep learning LSTM loaded successfully.
2026-03-21 14:16:22,288 - INFO - Preparing data for deep learning LSTM...
2026-03-21 14:16:22,289 - INFO - Data for deep learning LSTM prepared successfully.
2026-03-21 14:16:22,298 - INFO - Tokenizing and padding sequences for deep learning LSTM...
2026-03-21 14:16:22,432 - INFO - Tokenization completed successfully. train_sequences=6090, test_sequences=1523, first_train_seq_len=13, first_test_seq_len=10
2026-03-21 14:16:22,519 - INFO - Starting padding sequences for deep learning LSTM...
2026-03-21 14:16:22,538 - INFO - Padding completed successfully. X_train_pad_shape=(6090, 100), X_test_pad_shape=(1523, 100)
2026-03-21 14:16:22,547 - INFO - Building LSTM model for deep learning...
2026-03-21 14:16:22,555 - INFO - LSTM model built successfully. vocab_size=10000, max_len=100, embedding_dim=64, lstm_units=64, dropout_rate=0.5, dense_units=32, output_units=1
2026-03-21 14:17:15,248 - INFO - Building LSTM model for deep learning...
2026-03-21 14:17:15,259 - INFO - LSTM model built successfully. vocab_size=10000, max_len=100, embedding_dim=64, lstm_units=64, dropout_rate=0.5, dense_units=32, output_units=1
2026-03-21 14:17:42,917 - INFO - Building LSTM model for deep learning...
2026-03-21 14:17:42,927 - INFO - LSTM model built successfully. vocab_size=10000, max_len=100, embedding_dim=64, lstm_units=64, dropout_rate=0.5, dense_units=32, output_units=1
2026-03-21 14:18:22,053 - INFO - Starting padding sequences for deep learning LSTM...
2026-03-21 14:18:22,072 - INFO - Padding completed successfully. X_train_pad_shape=(6090, 100), X_test_pad_shape=(1523, 100)
2026-03-21 14:18:22,082 - INFO - Building LSTM model for deep learning...
2026-03-21 14:18:22,089 - INFO - LSTM model built successfully. vocab_size=10000, max_len=100, embedding_dim=64, lstm_units=64, dropout_rate=0.5, dense_units=32, output_units=1
2026-03-21 14:18:48,396 - INFO - Tokenizing and padding sequences for deep learning LSTM...
2026-03-21 14:18:48,548 - INFO - Tokenization completed successfully. train_sequences=6090, test_sequences=1523, first_train_seq_len=13, first_test_seq_len=10
2026-03-21 14:18:48,637 - INFO - Starting padding sequences for deep learning LSTM...
2026-03-21 14:18:48,654 - INFO - Padding completed successfully. X_train_pad_shape=(6090, 100), X_test_pad_shape=(1523, 100)
2026-03-21 14:18:48,666 - INFO - Building LSTM model for deep learning...
2026-03-21 14:18:48,674 - INFO - LSTM model built successfully. vocab_size=10000, max_len=100, embedding_dim=64, lstm_units=64, dropout_rate=0.5, dense_units=32, output_units=1
2026-03-21 14:22:51,712 - INFO - Starting compilation of LSTM model for deep learning...
2026-03-21 14:22:51,732 - INFO - LSTM model compiled successfully. loss=binary_crossentropy, optimizer=adam, metrics=['accuracy'], output_activation=sigmoid, task=binary_classification
2026-03-21 14:42:29,195 - INFO - ==== DEEP LEARNING LSTM PIPELINE STARTED ====
2026-03-21 14:42:29,206 - INFO - Loading dataset for deep learning LSTM...
2026-03-21 14:42:29,298 - INFO - Dataset for deep learning LSTM loaded successfully.
2026-03-21 14:42:29,310 - INFO - Preparing data for deep learning LSTM...
2026-03-21 14:42:29,311 - INFO - Data for deep learning LSTM prepared successfully.
2026-03-21 14:42:29,322 - INFO - Tokenizing and padding sequences for deep learning LSTM...
2026-03-21 14:42:29,467 - INFO - Tokenization completed successfully. train_sequences=6090, test_sequences=1523, first_train_seq_len=13, first_test_seq_len=10
2026-03-21 14:42:29,550 - INFO - Starting padding sequences for deep learning LSTM...
2026-03-21 14:42:29,578 - INFO - Padding completed successfully. X_train_pad_shape=(6090, 100), X_test_pad_shape=(1523, 100)
2026-03-21 14:42:29,594 - INFO - Building LSTM model for deep learning...
2026-03-21 14:42:29,608 - INFO - LSTM model built successfully. vocab_size=10000, max_len=100, embedding_dim=64, lstm_units=64, dropout_rate=0.5, dense_units=32, output_units=1
2026-03-21 14:42:29,891 - INFO - Starting compilation of LSTM model for deep learning...
2026-03-21 14:42:29,896 - INFO - LSTM model compiled successfully. loss=binary_crossentropy, optimizer=adam, metrics=['accuracy'], output_activation=sigmoid, task=binary_classification
2026-03-21 14:42:29,906 - INFO - Starting training of LSTM model for deep learning...
2026-03-21 14:42:50,343 - INFO - LSTM model training completed successfully. epochs=5, final_train_loss=0.6848, final_train_accuracy=0.5694, final_val_loss=0.6822, final_val_accuracy=0.5739
2026-03-21 14:52:38,421 - INFO - ==== DEEP LEARNING LSTM PIPELINE STARTED ====
2026-03-21 14:52:38,430 - INFO - Loading dataset for deep learning LSTM...
2026-03-21 14:52:38,453 - INFO - Dataset for deep learning LSTM loaded successfully.
2026-03-21 14:52:38,464 - INFO - Preparing data for deep learning LSTM...
2026-03-21 14:52:38,465 - INFO - Data for deep learning LSTM prepared successfully.
2026-03-21 14:52:38,473 - INFO - Tokenizing and padding sequences for deep learning LSTM...
2026-03-21 14:52:38,638 - INFO - Tokenization completed successfully. train_sequences=6090, test_sequences=1523, first_train_seq_len=13, first_test_seq_len=10
2026-03-21 14:52:38,717 - INFO - Starting padding sequences for deep learning LSTM...
2026-03-21 14:52:38,733 - INFO - Padding completed successfully. X_train_pad_shape=(6090, 100), X_test_pad_shape=(1523, 100)
2026-03-21 14:52:38,743 - INFO - Building LSTM model for deep learning...
2026-03-21 14:52:38,752 - INFO - LSTM model built successfully. vocab_size=10000, max_len=100, embedding_dim=64, lstm_units=64, dropout_rate=0.5, dense_units=32, output_units=1
2026-03-21 14:52:38,768 - INFO - Starting compilation of LSTM model for deep learning...
2026-03-21 14:52:38,772 - INFO - LSTM model compiled successfully. loss=binary_crossentropy, optimizer=adam, metrics=['accuracy'], output_activation=sigmoid, task=binary_classification
2026-03-21 14:52:38,780 - INFO - Starting training of LSTM model for deep learning...
2026-03-21 14:52:58,593 - INFO - LSTM model training completed successfully. epochs=5, final_train_loss=0.6846, final_train_accuracy=0.5694, final_val_loss=0.6825, final_val_accuracy=0.5739
2026-03-21 14:52:58,600 - INFO - Starting evaluation of LSTM model for deep learning...
2026-03-21 14:52:59,630 - INFO - LSTM model evaluation completed successfully. test_loss=0.6833, test_accuracy=0.5706, evaluation_samples=1523
2026-03-21 14:52:59,639 - INFO - Calculating F1-score for LSTM model...
2026-03-21 14:52:59,642 - INFO - LSTM model F1-score calculated successfully. lstm_f1=0.0000
2026-03-21 14:52:59,652 - INFO - Saving LSTM model for deep learning...
2026-03-21 14:52:59,652 - WARNING - You are saving your model as an HDF5 file via `model.save()` or `keras.saving.save_model(model)`. This file format is considered legacy. We recommend using instead the native Keras format, e.g. `model.save('my_model.keras')` or `keras.saving.save_model(model, 'my_model.keras')`. 
2026-03-21 14:52:59,722 - INFO - LSTM model saved successfully to ../models/lstm_model.h5
2026-03-21 14:52:59,729 - INFO - Plotting loss curve for LSTM model...
2026-03-21 14:52:59,949 - INFO - Loss curve plotted successfully.
2026-03-21 14:52:59,949 - INFO - ==== DEEP LEARNING LSTM PIPELINE COMPLETED ====
2026-03-21 14:53:19,958 - INFO - Plotting loss curve for LSTM model...
2026-03-21 14:53:20,071 - INFO - Loss curve plotted successfully.
2026-03-21 14:53:20,071 - INFO - ==== DEEP LEARNING LSTM PIPELINE COMPLETED ====
2026-03-21 14:59:46,621 - INFO - Tokenizing and padding sequences for deep learning LSTM...
2026-03-21 14:59:46,756 - INFO - Tokenization completed successfully. train_sequences=6090, test_sequences=1523, first_train_seq_len=13, first_test_seq_len=10
2026-03-21 14:59:46,763 - INFO - Starting padding sequences for deep learning LSTM...
2026-03-21 14:59:46,780 - INFO - Padding completed successfully. X_train_pad_shape=(6090, 100), X_test_pad_shape=(1523, 100)
2026-03-21 14:59:46,790 - INFO - Building LSTM model for deep learning...
2026-03-21 14:59:46,798 - INFO - LSTM model built successfully. vocab_size=10000, max_len=100, embedding_dim=64, lstm_units=64, dropout_rate=0.5, dense_units=32, output_units=1
2026-03-21 14:59:46,813 - INFO - Starting compilation of LSTM model for deep learning...
2026-03-21 14:59:46,816 - INFO - LSTM model compiled successfully. loss=binary_crossentropy, optimizer=adam, metrics=['accuracy'], output_activation=sigmoid, task=binary_classification
2026-03-21 14:59:46,824 - INFO - Starting training of LSTM model for deep learning...
2026-03-21 15:00:07,138 - INFO - LSTM model training completed successfully. epochs=5, final_train_loss=0.6841, final_train_accuracy=0.5683, final_val_loss=0.6827, final_val_accuracy=0.5739
2026-03-21 15:00:07,144 - INFO - Starting evaluation of LSTM model for deep learning...
2026-03-21 15:00:08,128 - INFO - LSTM model evaluation completed successfully. test_loss=0.6835, test_accuracy=0.5706, evaluation_samples=1523
2026-03-21 15:00:08,134 - INFO - Calculating F1-score for LSTM model...
2026-03-21 15:00:08,137 - INFO - LSTM model F1-score calculated successfully. lstm_f1=0.0000
2026-03-21 15:00:08,144 - INFO - Saving LSTM model for deep learning...
2026-03-21 15:00:08,144 - WARNING - You are saving your model as an HDF5 file via `model.save()` or `keras.saving.save_model(model)`. This file format is considered legacy. We recommend using instead the native Keras format, e.g. `model.save('my_model.keras')` or `keras.saving.save_model(model, 'my_model.keras')`. 
2026-03-21 15:00:08,174 - INFO - LSTM model saved successfully to ../models/lstm_model.h5
2026-03-21 15:00:08,181 - INFO - Plotting loss curve for LSTM model...
2026-03-21 15:00:08,284 - INFO - Loss curve plotted successfully.
2026-03-21 15:00:08,284 - INFO - ==== DEEP LEARNING LSTM PIPELINE COMPLETED ====
2026-03-22 01:54:34,191 - INFO - ==== DEEP LEARNING LSTM PIPELINE STARTED ====
2026-03-22 01:54:34,198 - INFO - Loading dataset for deep learning LSTM...
2026-03-22 01:54:34,230 - INFO - Dataset for deep learning LSTM loaded successfully.
2026-03-22 01:54:34,246 - INFO - Preparing data for deep learning LSTM...
2026-03-22 01:54:34,247 - INFO - Data for deep learning LSTM prepared successfully.
2026-03-22 01:54:34,256 - INFO - Tokenizing and padding sequences for deep learning LSTM...
2026-03-22 01:54:34,399 - INFO - Tokenization completed successfully. train_sequences=6090, test_sequences=1523, first_train_seq_len=13, first_test_seq_len=10
2026-03-22 01:54:34,407 - INFO - Starting padding sequences for deep learning LSTM...
2026-03-22 01:54:34,423 - INFO - Padding completed successfully. X_train_pad_shape=(6090, 100), X_test_pad_shape=(1523, 100)
2026-03-22 01:54:34,432 - INFO - Building LSTM model for deep learning...
2026-03-22 01:54:34,562 - INFO - LSTM model built successfully. vocab_size=10000, max_len=100, embedding_dim=64, lstm_units=64, dropout_rate=0.5, dense_units=32, output_units=1
2026-03-22 01:54:34,580 - INFO - Starting compilation of LSTM model for deep learning...
2026-03-22 01:54:34,596 - INFO - LSTM model compiled successfully. loss=binary_crossentropy, optimizer=adam, metrics=['accuracy'], output_activation=sigmoid, task=binary_classification
2026-03-22 01:54:34,603 - INFO - Starting training of LSTM model for deep learning...
2026-03-22 01:54:54,665 - INFO - LSTM model training completed successfully. epochs=5, final_train_loss=0.6839, final_train_accuracy=0.5694, final_val_loss=0.6827, final_val_accuracy=0.5739
2026-03-22 01:54:54,672 - INFO - Starting evaluation of LSTM model for deep learning...
2026-03-22 01:54:55,668 - INFO - LSTM model evaluation completed successfully. test_loss=0.6835, test_accuracy=0.5706, evaluation_samples=1523
2026-03-22 01:54:55,674 - INFO - Calculating F1-score for LSTM model...
2026-03-22 01:54:55,677 - INFO - LSTM model F1-score calculated successfully. lstm_f1=0.0000
2026-03-22 01:54:55,685 - INFO - Saving LSTM model for deep learning...
2026-03-22 01:54:55,685 - WARNING - You are saving your model as an HDF5 file via `model.save()` or `keras.saving.save_model(model)`. This file format is considered legacy. We recommend using instead the native Keras format, e.g. `model.save('my_model.keras')` or `keras.saving.save_model(model, 'my_model.keras')`. 
2026-03-22 01:54:55,744 - INFO - LSTM model saved successfully to ../models/lstm_model.h5
2026-03-22 01:54:55,745 - INFO - Training history saved to ../models/lstm_history.json
2026-03-22 01:54:55,752 - INFO - Plotting loss curve for LSTM model...
2026-03-22 01:54:55,885 - INFO - Loss curve plotted successfully.
2026-03-22 01:54:55,886 - INFO - ==== DEEP LEARNING LSTM PIPELINE COMPLETED ====
2026-03-22 04:57:58,665 - INFO - ==== DEEP LEARNING LSTM PIPELINE STARTED ====
2026-03-22 04:57:58,677 - INFO - Loading dataset for deep learning LSTM...
2026-03-22 04:57:58,753 - INFO - Dataset for deep learning LSTM loaded successfully.
2026-03-22 04:57:58,772 - INFO - Preparing data for deep learning LSTM...
2026-03-22 04:57:58,774 - INFO - Data for deep learning LSTM prepared successfully.
2026-03-22 04:57:58,787 - INFO - Tokenizing and padding sequences for deep learning LSTM...
2026-03-22 04:57:58,977 - INFO - Tokenization completed successfully. train_sequences=6090, test_sequences=1523, first_train_seq_len=13, first_test_seq_len=10
2026-03-22 04:57:58,988 - INFO - Starting padding sequences for deep learning LSTM...
2026-03-22 04:57:59,013 - INFO - Padding completed successfully. X_train_pad_shape=(6090, 100), X_test_pad_shape=(1523, 100)
2026-03-22 04:57:59,028 - INFO - Building LSTM model for deep learning...
2026-03-22 04:57:59,181 - INFO - LSTM model built successfully. vocab_size=10000, max_len=100, embedding_dim=64, lstm_units=64, dropout_rate=0.5, dense_units=32, output_units=1
2026-03-22 04:57:59,209 - INFO - Starting compilation of LSTM model for deep learning...
2026-03-22 04:57:59,229 - INFO - LSTM model compiled successfully. loss=binary_crossentropy, optimizer=adam, metrics=['accuracy'], output_activation=sigmoid, task=binary_classification
2026-03-22 04:57:59,240 - INFO - Starting training of LSTM model for deep learning...
2026-03-22 04:58:34,402 - INFO - LSTM model training completed successfully. epochs=5, final_train_loss=0.6846, final_train_accuracy=0.5694, final_val_loss=0.6839, final_val_accuracy=0.5739
2026-03-22 04:58:34,414 - INFO - Starting evaluation of LSTM model for deep learning...
2026-03-22 04:58:36,284 - INFO - LSTM model evaluation completed successfully. test_loss=0.6845, test_accuracy=0.5706, evaluation_samples=1523
2026-03-22 04:58:36,294 - INFO - Calculating F1-score for LSTM model...
2026-03-22 04:58:36,299 - INFO - LSTM model F1-score calculated successfully. lstm_f1=0.0000
2026-03-22 04:58:36,326 - INFO - Saving LSTM model for deep learning...
2026-03-22 04:58:36,327 - WARNING - You are saving your model as an HDF5 file via `model.save()` or `keras.saving.save_model(model)`. This file format is considered legacy. We recommend using instead the native Keras format, e.g. `model.save('my_model.keras')` or `keras.saving.save_model(model, 'my_model.keras')`. 
2026-03-22 04:58:36,481 - INFO - LSTM model saved successfully to ../models/lstm_model.h5
2026-03-22 04:58:36,483 - INFO - Training history saved to ../models/lstm_history.json
2026-03-22 04:58:36,496 - INFO - Plotting loss curve for LSTM model...
2026-03-22 04:58:36,752 - INFO - Loss curve plotted successfully.
2026-03-22 04:58:36,752 - INFO - ==== DEEP LEARNING LSTM PIPELINE COMPLETED ====
2026-03-22 05:33:32,856 - INFO - ==== DEEP LEARNING LSTM PIPELINE STARTED ====
2026-03-22 05:33:32,869 - INFO - Loading dataset for deep learning LSTM...
2026-03-22 05:33:32,989 - INFO - Dataset for deep learning LSTM loaded successfully.
2026-03-22 05:33:33,010 - INFO - Preparing data for deep learning LSTM...
2026-03-22 05:33:33,013 - INFO - Data for deep learning LSTM prepared successfully.
2026-03-22 05:33:33,028 - INFO - Tokenizing and padding sequences for deep learning LSTM...
2026-03-22 05:33:33,254 - INFO - Tokenization completed successfully. train_sequences=6090, test_sequences=1523, first_train_seq_len=13, first_test_seq_len=10
2026-03-22 05:33:33,267 - INFO - Starting padding sequences for deep learning LSTM...
2026-03-22 05:33:33,296 - INFO - Padding completed successfully. X_train_pad_shape=(6090, 100), X_test_pad_shape=(1523, 100)
2026-03-22 05:33:33,312 - INFO - Building LSTM model for deep learning...
2026-03-22 05:33:33,355 - INFO - LSTM model built successfully. vocab_size=10000, max_len=100, embedding_dim=64, lstm_units=64, dropout_rate=0.5, dense_units=32, output_units=1
2026-03-22 05:33:33,384 - INFO - Starting compilation of LSTM model for deep learning...
2026-03-22 05:33:33,395 - INFO - LSTM model compiled successfully. loss=binary_crossentropy, optimizer=adam, metrics=['accuracy'], output_activation=sigmoid, task=binary_classification
2026-03-22 05:33:33,406 - INFO - Starting training of LSTM model for deep learning...
2026-03-22 05:34:04,798 - INFO - LSTM model training completed successfully. epochs=5, final_train_loss=0.6846, final_train_accuracy=0.5694, final_val_loss=0.6823, final_val_accuracy=0.5739
2026-03-22 05:34:04,809 - INFO - Starting evaluation of LSTM model for deep learning...
2026-03-22 05:34:06,488 - INFO - LSTM model evaluation completed successfully. test_loss=0.6832, test_accuracy=0.5706, evaluation_samples=1523
2026-03-22 05:34:06,498 - INFO - Calculating F1-score for LSTM model...
2026-03-22 05:34:06,502 - INFO - LSTM model F1-score calculated successfully. lstm_f1=0.0000
2026-03-22 05:34:06,514 - INFO - Saving LSTM model for deep learning...
2026-03-22 05:34:06,514 - WARNING - You are saving your model as an HDF5 file via `model.save()` or `keras.saving.save_model(model)`. This file format is considered legacy. We recommend using instead the native Keras format, e.g. `model.save('my_model.keras')` or `keras.saving.save_model(model, 'my_model.keras')`. 
2026-03-22 05:34:06,559 - INFO - LSTM model saved successfully to ../models/lstm_model.h5
2026-03-22 05:34:06,560 - INFO - Training history saved to ../models/lstm_history.json
2026-03-22 05:34:06,572 - INFO - Plotting loss curve for LSTM model...
2026-03-22 05:34:06,743 - INFO - Loss curve plotted successfully.
2026-03-22 05:34:06,744 - INFO - ==== DEEP LEARNING LSTM PIPELINE COMPLETED ====
2026-03-22 12:13:26,184 - INFO - ==== DEEP LEARNING LSTM PIPELINE STARTED ====
2026-03-22 12:13:26,193 - INFO - Loading dataset for deep learning LSTM...
2026-03-22 12:13:26,245 - INFO - Dataset for deep learning LSTM loaded successfully.
2026-03-22 12:13:26,255 - INFO - Preparing data for deep learning LSTM...
2026-03-22 12:13:26,255 - INFO - Data for deep learning LSTM prepared successfully.
2026-03-22 12:13:26,263 - INFO - Tokenizing and padding sequences for deep learning LSTM...
2026-03-22 12:13:26,397 - INFO - Tokenization completed successfully. train_sequences=6090, test_sequences=1523, first_train_seq_len=13, first_test_seq_len=10
2026-03-22 12:13:26,404 - INFO - Starting padding sequences for deep learning LSTM...
2026-03-22 12:13:26,421 - INFO - Padding completed successfully. X_train_pad_shape=(6090, 100), X_test_pad_shape=(1523, 100)
2026-03-22 12:13:26,430 - INFO - Building LSTM model for deep learning...
2026-03-22 12:13:26,438 - INFO - LSTM model built successfully. vocab_size=10000, max_len=100, embedding_dim=64, lstm_units=64, dropout_rate=0.5, dense_units=32, output_units=1
2026-03-22 12:13:26,451 - INFO - Starting compilation of LSTM model for deep learning...
2026-03-22 12:13:26,455 - INFO - LSTM model compiled successfully. loss=binary_crossentropy, optimizer=adam, metrics=['accuracy'], output_activation=sigmoid, task=binary_classification
2026-03-22 12:13:26,462 - INFO - Starting training of LSTM model for deep learning...
2026-03-22 12:13:45,545 - INFO - LSTM model training completed successfully. epochs=5, final_train_loss=0.6850, final_train_accuracy=0.5694, final_val_loss=0.6825, final_val_accuracy=0.5739
2026-03-22 12:13:45,552 - INFO - Starting evaluation of LSTM model for deep learning...
2026-03-22 12:13:46,514 - INFO - LSTM model evaluation completed successfully. test_loss=0.6833, test_accuracy=0.5706, evaluation_samples=1523
2026-03-22 12:13:46,520 - INFO - Calculating F1-score for LSTM model...
2026-03-22 12:13:46,522 - INFO - LSTM model F1-score calculated successfully. lstm_f1=0.0000
2026-03-22 12:13:46,530 - INFO - Saving LSTM model for deep learning...
2026-03-22 12:13:46,530 - WARNING - You are saving your model as an HDF5 file via `model.save()` or `keras.saving.save_model(model)`. This file format is considered legacy. We recommend using instead the native Keras format, e.g. `model.save('my_model.keras')` or `keras.saving.save_model(model, 'my_model.keras')`. 
2026-03-22 12:13:46,578 - INFO - LSTM model saved successfully to ../models/lstm_model.h5
2026-03-22 12:13:46,579 - INFO - Training history saved to ../models/lstm_history.json
2026-03-22 12:13:46,590 - INFO - Plotting loss curve for LSTM model...
2026-03-22 12:13:46,703 - INFO - Loss curve plotted successfully.
2026-03-22 12:13:46,704 - INFO - ==== DEEP LEARNING LSTM PIPELINE COMPLETED ====
2026-03-22 13:00:31,303 - INFO - ==== DEEP LEARNING LSTM PIPELINE STARTED ====
2026-03-22 13:00:31,319 - INFO - Loading dataset for deep learning LSTM...
2026-03-22 13:00:31,463 - INFO - Dataset for deep learning LSTM loaded successfully.
2026-03-22 13:00:31,492 - INFO - Preparing data for deep learning LSTM...
2026-03-22 13:00:31,500 - INFO - Data for deep learning LSTM prepared successfully.
2026-03-22 13:00:31,515 - INFO - Tokenizing and padding sequences for deep learning LSTM...
2026-03-22 13:00:31,789 - INFO - Tokenization completed successfully. train_sequences=6090, test_sequences=1523, first_train_seq_len=13, first_test_seq_len=10
2026-03-22 13:00:31,799 - INFO - Starting padding sequences for deep learning LSTM...
2026-03-22 13:00:31,820 - INFO - Padding completed successfully. X_train_pad_shape=(6090, 100), X_test_pad_shape=(1523, 100)
2026-03-22 13:00:31,836 - INFO - Building LSTM model for deep learning...
2026-03-22 13:00:31,928 - INFO - LSTM model built successfully. vocab_size=10000, max_len=100, embedding_dim=64, lstm_units=64, dropout_rate=0.5, dense_units=32, output_units=1
2026-03-22 13:00:31,957 - INFO - Starting compilation of LSTM model for deep learning...
2026-03-22 13:00:31,971 - INFO - LSTM model compiled successfully. loss=binary_crossentropy, optimizer=adam, metrics=['accuracy'], output_activation=sigmoid, task=binary_classification
2026-03-22 13:00:31,979 - INFO - Starting training of LSTM model for deep learning...
2026-03-22 13:00:52,250 - INFO - LSTM model training completed successfully. epochs=5, final_train_loss=0.6847, final_train_accuracy=0.5694, final_val_loss=0.6822, final_val_accuracy=0.5739
2026-03-22 13:00:52,257 - INFO - Starting evaluation of LSTM model for deep learning...
2026-03-22 13:00:53,306 - INFO - LSTM model evaluation completed successfully. test_loss=0.6832, test_accuracy=0.5706, evaluation_samples=1523
2026-03-22 13:00:53,313 - INFO - Calculating F1-score for LSTM model...
2026-03-22 13:00:53,316 - INFO - LSTM model F1-score calculated successfully. lstm_f1=0.0000
2026-03-22 13:00:53,324 - INFO - Saving LSTM model for deep learning...
2026-03-22 13:00:53,325 - WARNING - You are saving your model as an HDF5 file via `model.save()` or `keras.saving.save_model(model)`. This file format is considered legacy. We recommend using instead the native Keras format, e.g. `model.save('my_model.keras')` or `keras.saving.save_model(model, 'my_model.keras')`. 
2026-03-22 13:00:53,369 - INFO - LSTM model saved successfully to ../models/lstm_model.h5
2026-03-22 13:00:53,370 - INFO - Training history saved to ../models/lstm_history.json
2026-03-22 13:00:53,378 - INFO - Plotting loss curve for LSTM model...
2026-03-22 13:00:53,511 - INFO - Loss curve plotted successfully.
2026-03-22 13:00:53,512 - INFO - ==== DEEP LEARNING LSTM PIPELINE COMPLETED ====
2026-03-22 13:06:52,354 - INFO - ==== DEEP LEARNING LSTM PIPELINE STARTED ====
2026-03-22 13:06:52,361 - INFO - Loading dataset for deep learning LSTM...
2026-03-22 13:06:52,420 - INFO - Dataset for deep learning LSTM loaded successfully.
2026-03-22 13:06:52,434 - INFO - Preparing data for deep learning LSTM...
2026-03-22 13:06:52,434 - INFO - Data for deep learning LSTM prepared successfully.
2026-03-22 13:06:52,443 - INFO - Tokenizing and padding sequences for deep learning LSTM...
2026-03-22 13:06:52,592 - INFO - Tokenization completed successfully. train_sequences=6090, test_sequences=1523, first_train_seq_len=13, first_test_seq_len=10
2026-03-22 13:06:52,598 - INFO - Starting padding sequences for deep learning LSTM...
2026-03-22 13:06:52,616 - INFO - Padding completed successfully. X_train_pad_shape=(6090, 100), X_test_pad_shape=(1523, 100)
2026-03-22 13:06:52,627 - INFO - Building improved Bidirectional LSTM model...
2026-03-22 13:06:52,690 - INFO - Bidirectional LSTM model built. vocab_size=10000, max_len=100, embedding_dim=128, lstm_units=128+64, bidirectional=True, spatial_dropout=0.3
2026-03-22 13:06:52,714 - INFO - Starting compilation of LSTM model for deep learning...
2026-03-22 13:06:52,730 - INFO - LSTM model compiled successfully. loss=binary_crossentropy, optimizer=adam, metrics=['accuracy'], output_activation=sigmoid, task=binary_classification
2026-03-22 13:06:52,739 - INFO - Starting training of Bidirectional LSTM model...
2026-03-22 13:07:43,896 - INFO - Training completed. epochs_run=4, final_train_loss=0.1748, final_train_accuracy=0.9384, final_val_loss=0.6102, final_val_accuracy=0.7750
2026-03-22 13:07:43,908 - INFO - Starting evaluation of LSTM model for deep learning...
2026-03-22 13:07:46,748 - INFO - LSTM model evaluation completed successfully. test_loss=0.4555, test_accuracy=0.7984, evaluation_samples=1523
2026-03-22 13:07:46,755 - INFO - Calculating F1-score for LSTM model...
2026-03-22 13:07:46,757 - INFO - LSTM model F1-score calculated successfully. lstm_f1=0.7337
2026-03-22 13:07:46,765 - INFO - Saving LSTM model for deep learning...
2026-03-22 13:07:46,765 - WARNING - You are saving your model as an HDF5 file via `model.save()` or `keras.saving.save_model(model)`. This file format is considered legacy. We recommend using instead the native Keras format, e.g. `model.save('my_model.keras')` or `keras.saving.save_model(model, 'my_model.keras')`. 
2026-03-22 13:07:46,832 - INFO - LSTM model saved successfully to ../models/lstm_model.h5
2026-03-22 13:07:46,833 - INFO - Training history saved to ../models/lstm_history.json
2026-03-22 13:07:46,843 - INFO - Plotting loss curve for LSTM model...
2026-03-22 13:07:46,986 - INFO - Loss curve plotted successfully.
2026-03-22 13:07:46,986 - INFO - ==== DEEP LEARNING LSTM PIPELINE COMPLETED ====
