2026-03-21 17:46:44,382 - INFO - ==== DEPLOYMENT PIPELINE STARTED ====
2026-03-21 17:46:44,391 - INFO - Paths configured: MODEL_DIR=..\models, DEPLOY_DIR=..\deployment
2026-03-21 17:46:44,398 - INFO - Loading deployment metadata...
2026-03-21 17:46:44,401 - INFO - Metadata loaded: model=Best ML Model, threshold=0.10
2026-03-21 17:46:44,412 - INFO - Loading final model and artefacts...
2026-03-21 17:46:44,527 - INFO - Loaded ML final model: Best ML Model
2026-03-21 17:46:44,548 - INFO - DisasterTweetPredictor initialised | type=ML | threshold=0.10
2026-03-21 17:46:44,557 - INFO - Running live inference tests...
2026-03-21 17:46:44,559 - INFO - Prediction batch size=8 | latency=1.4 ms
2026-03-21 17:46:44,559 - INFO - Live inference tests completed for 8 tweets.
2026-03-21 17:46:44,568 - INFO - Running batch prediction on full test dataset...
2026-03-21 17:46:44,617 - INFO - Prediction batch size=1523 | latency=38.3 ms
2026-03-21 17:46:44,633 - INFO - Batch predictions saved. Accuracy: 0.4550
2026-03-21 17:46:44,643 - INFO - predictor.py saved to deployment directory.
2026-03-22 02:02:13,058 - INFO - ==== DEPLOYMENT PIPELINE STARTED ====
2026-03-22 02:02:13,066 - INFO - Paths configured.
2026-03-22 02:02:13,074 - INFO - Loading deployment metadata from Notebook 5...
2026-03-22 02:02:13,084 - INFO - Metadata loaded: model=Best ML (logistic_regression), threshold=0.10
2026-03-22 02:02:13,092 - INFO - Loading saved artefacts...
2026-03-22 02:02:13,127 - INFO - Loaded ML model: Best ML (logistic_regression)
2026-03-22 02:02:13,150 - INFO - DisasterTweetPredictor ready | type=ML | threshold=0.10
2026-03-22 02:02:13,160 - INFO - Running live inference tests...
2026-03-22 02:02:13,162 - INFO - Batch size=8 | latency=1.8 ms
2026-03-22 02:02:13,163 - INFO - Live inference tests completed for 8 tweets.
2026-03-22 02:02:13,171 - INFO - Running batch prediction on full test dataset...
2026-03-22 02:02:13,224 - INFO - Batch size=1523 | latency=39.4 ms
2026-03-22 02:02:13,237 - INFO - Batch predictions saved. Accuracy: 0.4550
2026-03-22 02:02:13,246 - INFO - predictor.py saved.
2026-03-22 02:02:13,256 - INFO - app.py saved.
2026-03-22 02:02:13,264 - INFO - requirements.txt saved.
2026-03-22 02:02:13,272 - INFO - Dockerfile saved.
2026-03-22 02:02:13,281 - INFO - api_contract.json saved.
2026-03-22 02:02:13,289 - INFO - Running deployment checklist...
2026-03-22 02:02:13,291 - INFO - Deployment checklist done. All passed: True
2026-03-22 02:02:13,291 - INFO - ==== DEPLOYMENT PIPELINE COMPLETED ====
2026-03-22 04:25:34,582 - INFO - ==== DEPLOYMENT PIPELINE STARTED ====
2026-03-22 04:25:34,590 - INFO - Paths configured.
2026-03-22 04:25:34,598 - INFO - Loading deployment metadata from Notebook 5...
2026-03-22 04:25:34,599 - INFO - Metadata loaded: model=Best ML (logistic_regression), threshold=0.10
2026-03-22 04:25:34,607 - INFO - Loading saved artefacts...
2026-03-22 04:25:35,457 - INFO - Loaded ML model: Best ML (logistic_regression)
2026-03-22 04:25:35,486 - INFO - Running pipeline smoke test...
2026-03-22 04:25:35,488 - INFO - Smoke test passed.
2026-03-22 04:25:35,497 - INFO - requirements.txt saved.
2026-03-22 04:59:53,046 - INFO - ==== DEPLOYMENT PIPELINE STARTED ====
2026-03-22 04:59:53,060 - INFO - Paths configured.
2026-03-22 04:59:53,075 - INFO - Loading deployment metadata from Notebook 5...
2026-03-22 04:59:53,092 - INFO - Metadata loaded: model=Best ML (logistic_regression), threshold=0.10
2026-03-22 04:59:53,105 - INFO - Loading saved artefacts...
2026-03-22 04:59:53,304 - INFO - Loaded ML model: Best ML (logistic_regression)
2026-03-22 04:59:53,351 - INFO - Running pipeline smoke test...
2026-03-22 04:59:53,355 - INFO - Smoke test passed.
2026-03-22 04:59:53,370 - INFO - requirements.txt saved.
2026-03-22 04:59:53,408 - INFO - app.py written to ..\deployment\app.py
2026-03-22 04:59:53,439 - INFO - Running deployment checklist...
2026-03-22 04:59:53,442 - INFO - Checklist complete. all_pass=True
2026-03-22 04:59:58,533 - INFO - Streamlit started — port 8501  PID 18856
2026-03-22 04:59:58,534 - INFO - ==== DEPLOYMENT PIPELINE COMPLETED ====
2026-03-22 05:03:50,272 - INFO - Running deployment checklist...
2026-03-22 05:03:50,274 - INFO - Checklist complete. all_pass=True
2026-03-22 05:03:50,293 - INFO - ==== DEPLOYMENT PIPELINE COMPLETED ====
2026-03-22 05:04:31,705 - INFO - Running deployment checklist...
2026-03-22 05:04:31,707 - INFO - Checklist complete. all_pass=True
2026-03-22 05:04:31,724 - INFO - ==== DEPLOYMENT PIPELINE COMPLETED ====
2026-03-22 05:05:18,198 - INFO - Running pipeline smoke test...
2026-03-22 05:05:18,200 - INFO - Smoke test passed.
2026-03-22 05:05:18,213 - INFO - requirements.txt saved.
2026-03-22 05:05:18,257 - INFO - app.py written to ..\deployment\app.py
2026-03-22 05:05:18,284 - INFO - Running deployment checklist...
2026-03-22 05:05:18,287 - INFO - Checklist complete. all_pass=True
2026-03-22 05:05:18,309 - INFO - ==== DEPLOYMENT PIPELINE COMPLETED ====
2026-03-22 05:05:27,113 - INFO - Running pipeline smoke test...
2026-03-22 05:05:27,115 - INFO - Smoke test passed.
2026-03-22 05:05:27,128 - INFO - requirements.txt saved.
2026-03-22 05:05:27,166 - INFO - app.py written to ..\deployment\app.py
2026-03-22 05:05:27,192 - INFO - Running deployment checklist...
2026-03-22 05:05:27,194 - INFO - Checklist complete. all_pass=True
2026-03-22 05:05:27,213 - INFO - ==== DEPLOYMENT PIPELINE COMPLETED ====
2026-03-22 05:20:02,791 - INFO - ==== DEPLOYMENT PIPELINE STARTED ====
2026-03-22 05:20:02,804 - INFO - Paths configured.
2026-03-22 05:20:02,817 - INFO - Loading deployment metadata from Notebook 5...
2026-03-22 05:20:02,830 - INFO - Metadata loaded: model=Best ML (logistic_regression), threshold=0.10
2026-03-22 05:20:02,842 - INFO - Loading saved artefacts...
2026-03-22 05:20:04,117 - INFO - Loaded ML model: Best ML (logistic_regression)
2026-03-22 05:20:04,163 - INFO - Running pipeline smoke test...
2026-03-22 05:20:04,166 - INFO - Smoke test passed.
2026-03-22 05:20:04,210 - INFO - app.py written to ..\deployment\app.py
2026-03-22 05:20:04,240 - INFO - Running deployment checklist...
2026-03-22 05:20:04,243 - INFO - Checklist complete. all_pass=True
2026-03-22 05:20:04,265 - INFO - ==== DEPLOYMENT PIPELINE COMPLETED ====
2026-03-22 05:21:42,464 - INFO - ==== DEPLOYMENT PIPELINE STARTED ====
2026-03-22 05:21:42,476 - INFO - Paths configured.
2026-03-22 05:21:42,492 - INFO - Loading deployment metadata from Notebook 5...
2026-03-22 05:21:42,494 - INFO - Metadata loaded: model=Best ML (logistic_regression), threshold=0.10
2026-03-22 05:21:42,505 - INFO - Loading saved artefacts...
2026-03-22 05:21:42,525 - INFO - Loaded ML model: Best ML (logistic_regression)
2026-03-22 05:21:42,568 - INFO - Running pipeline smoke test...
2026-03-22 05:21:42,571 - INFO - Smoke test passed.
2026-03-22 05:21:42,609 - INFO - app.py written to ..\deployment\app.py
2026-03-22 05:21:42,640 - INFO - Running deployment checklist...
2026-03-22 05:21:42,643 - INFO - Checklist complete. all_pass=True
2026-03-22 05:21:42,668 - INFO - ==== DEPLOYMENT PIPELINE COMPLETED ====
2026-03-22 12:12:04,466 - INFO - ==== DEPLOYMENT PIPELINE STARTED ====
2026-03-22 12:12:04,473 - INFO - Paths configured.
2026-03-22 12:12:04,481 - INFO - Loading deployment metadata from Notebook 5...
2026-03-22 12:14:42,250 - INFO - ==== DEPLOYMENT PIPELINE STARTED ====
2026-03-22 12:14:42,258 - INFO - Paths configured.
2026-03-22 12:14:42,265 - INFO - Loading deployment metadata from Notebook 5...
2026-03-22 12:14:58,253 - INFO - ==== DEPLOYMENT PIPELINE STARTED ====
2026-03-22 12:14:58,260 - INFO - Paths configured.
2026-03-22 12:14:58,266 - INFO - Loading deployment metadata from Notebook 5...
2026-03-22 12:19:09,525 - INFO - ==== DEPLOYMENT PIPELINE STARTED ====
2026-03-22 12:19:09,536 - INFO - Paths configured.
2026-03-22 12:19:09,549 - INFO - Loading deployment metadata from Notebook 5...
2026-03-22 12:19:09,550 - INFO - Metadata loaded: model=Best ML Model | threshold=0.10 | is_deep_learning=False
2026-03-22 12:19:09,561 - INFO - Loading saved artefacts...
2026-03-22 12:26:04,779 - INFO - ==== DEPLOYMENT PIPELINE STARTED ====
2026-03-22 12:26:04,787 - INFO - Paths configured.
2026-03-22 12:26:04,796 - INFO - Loading deployment metadata from Notebook 5...
2026-03-22 12:26:04,798 - INFO - Metadata loaded: model=Best ML (logistic_regression) | threshold=0.10 | is_deep_learning=False
2026-03-22 12:26:04,807 - INFO - Loading saved artefacts...
2026-03-22 12:26:04,859 - INFO - lstm_tokenizer.pkl loaded from disk.
2026-03-22 12:26:04,933 - INFO - Loaded ML model: Best ML (logistic_regression)
2026-03-22 12:26:04,960 - INFO - Running pipeline smoke test...
2026-03-22 12:26:04,963 - INFO - Smoke test passed.
2026-03-22 12:26:04,971 - INFO - requirements.txt saved.
2026-03-22 12:26:04,995 - INFO - app.py written to ..\deployment\app.py
2026-03-22 12:26:05,013 - INFO - Running deployment checklist...
2026-03-22 12:26:05,015 - INFO - Checklist complete. all_pass=True
2026-03-22 12:26:05,028 - INFO - ==== DEPLOYMENT PIPELINE COMPLETED ====
2026-03-22 12:31:26,179 - INFO - ==== DEPLOYMENT PIPELINE STARTED ====
2026-03-22 12:31:26,187 - INFO - Paths configured.
2026-03-22 12:31:26,196 - INFO - Loading deployment metadata from Notebook 5...
2026-03-22 12:31:26,204 - INFO - Metadata loaded: model=Best ML (logistic_regression), threshold=0.50
2026-03-22 12:31:26,214 - INFO - Loading saved artefacts...
2026-03-22 12:31:26,349 - INFO - Loaded ML model: Best ML (logistic_regression)
2026-03-22 12:31:26,375 - INFO - Running pipeline smoke test...
2026-03-22 12:31:26,377 - INFO - Smoke test passed.
2026-03-22 12:31:26,387 - INFO - requirements.txt saved.
2026-03-22 12:31:26,416 - INFO - app.py written to ..\deployment\app.py
2026-03-22 12:31:26,437 - INFO - Running deployment checklist...
2026-03-22 12:31:26,438 - INFO - Checklist complete. all_pass=True
2026-03-22 12:31:26,453 - INFO - ==== DEPLOYMENT PIPELINE COMPLETED ====
2026-03-22 12:38:41,613 - INFO - ==== DEPLOYMENT PIPELINE STARTED ====
2026-03-22 12:38:41,621 - INFO - Paths configured.
2026-03-22 12:38:41,629 - INFO - Loading deployment metadata from Notebook 5...
2026-03-22 12:38:41,630 - INFO - Metadata loaded: model=Best ML (logistic_regression), threshold=0.50
2026-03-22 12:38:41,638 - INFO - Loading saved artefacts...
2026-03-22 12:38:41,744 - INFO - Loaded ML model: Best ML (logistic_regression)
2026-03-22 12:38:41,770 - INFO - Running pipeline smoke test...
2026-03-22 12:38:41,772 - INFO - Smoke test passed.
2026-03-22 12:38:41,781 - INFO - requirements.txt saved.
2026-03-22 12:38:41,804 - INFO - app.py written to ..\deployment\app.py
2026-03-22 12:38:41,826 - INFO - Running deployment checklist...
2026-03-22 12:38:41,828 - INFO - Checklist complete. all_pass=True
2026-03-22 12:38:41,931 - INFO - ==== DEPLOYMENT PIPELINE COMPLETED ====
2026-03-22 12:43:27,085 - INFO - ==== DEPLOYMENT PIPELINE STARTED ====
2026-03-22 12:43:27,093 - INFO - Paths configured.
2026-03-22 12:43:27,101 - INFO - Loading deployment metadata from Notebook 5...
2026-03-22 12:43:27,102 - INFO - Metadata loaded: model=Best ML (logistic_regression), threshold=0.50
2026-03-22 12:43:27,109 - INFO - Loading saved artefacts...
2026-03-22 12:43:27,229 - INFO - Loaded ML model: Best ML (logistic_regression)
2026-03-22 12:43:27,258 - INFO - Running pipeline smoke test...
2026-03-22 12:43:27,261 - INFO - Smoke test passed.
2026-03-22 12:43:27,269 - INFO - requirements.txt saved.
2026-03-22 12:43:27,294 - INFO - app.py written to ..\deployment\app.py
2026-03-22 12:43:27,313 - INFO - Running deployment checklist...
2026-03-22 12:43:27,314 - INFO - Checklist complete. all_pass=True
2026-03-22 12:43:27,328 - INFO - ==== DEPLOYMENT PIPELINE COMPLETED ====
2026-03-22 12:48:09,454 - INFO - ==== DEPLOYMENT PIPELINE STARTED ====
2026-03-22 12:48:09,462 - INFO - Paths configured.
2026-03-22 12:48:09,469 - INFO - Loading deployment metadata from Notebook 5...
2026-03-22 12:48:09,470 - INFO - Metadata loaded: model=Best ML (logistic_regression), threshold=0.50
2026-03-22 12:48:09,478 - INFO - Loading saved artefacts...
2026-03-22 12:48:09,590 - INFO - Loaded ML model: Best ML (logistic_regression)
2026-03-22 12:48:09,616 - INFO - Running pipeline smoke test...
2026-03-22 12:48:09,618 - INFO - Smoke test passed.
2026-03-22 12:48:09,629 - INFO - requirements.txt saved.
2026-03-22 12:48:09,657 - INFO - app.py written to ..\deployment\app.py
2026-03-22 12:48:09,675 - INFO - Running deployment checklist...
2026-03-22 12:48:09,677 - INFO - Checklist complete. all_pass=True
2026-03-22 12:48:09,776 - INFO - ==== DEPLOYMENT PIPELINE COMPLETED ====
2026-03-22 13:01:27,243 - INFO - ==== DEPLOYMENT PIPELINE STARTED ====
2026-03-22 13:01:27,251 - INFO - Paths configured.
2026-03-22 13:01:27,262 - INFO - Loading deployment metadata from Notebook 5...
2026-03-22 13:01:27,264 - INFO - Metadata loaded: model=Best ML (logistic_regression), threshold=0.50
2026-03-22 13:01:27,270 - INFO - Loading saved artefacts...
2026-03-22 13:01:27,297 - INFO - Loaded ML model: Best ML (logistic_regression)
2026-03-22 13:01:27,332 - INFO - Running pipeline smoke test...
2026-03-22 13:01:27,334 - INFO - Smoke test passed.
2026-03-22 13:01:27,342 - INFO - requirements.txt saved.
2026-03-22 13:01:27,369 - INFO - app.py written to ..\deployment\app.py
2026-03-22 13:01:27,386 - INFO - Running deployment checklist...
2026-03-22 13:01:27,388 - INFO - Checklist complete. all_pass=True
2026-03-22 13:01:27,443 - INFO - ==== DEPLOYMENT PIPELINE COMPLETED ====
2026-03-22 13:08:56,134 - INFO - ==== DEPLOYMENT PIPELINE STARTED ====
2026-03-22 13:08:56,142 - INFO - Paths configured.
2026-03-22 13:08:56,149 - INFO - Loading deployment metadata from Notebook 5...
2026-03-22 13:08:56,159 - INFO - Metadata loaded: model=Best ML (logistic_regression), threshold=0.50
2026-03-22 13:08:56,166 - INFO - Loading saved artefacts...
2026-03-22 13:08:56,306 - INFO - Loaded ML model: Best ML (logistic_regression)
2026-03-22 13:08:56,333 - INFO - Running pipeline smoke test...
2026-03-22 13:08:56,336 - INFO - Smoke test passed.
2026-03-22 13:08:56,363 - INFO - app.py written to ..\deployment\app.py
2026-03-22 13:08:56,381 - INFO - Running deployment checklist...
2026-03-22 13:08:56,382 - INFO - Checklist complete. all_pass=True
2026-03-22 13:08:56,525 - INFO - ==== DEPLOYMENT PIPELINE COMPLETED ====
