2026-03-22 04:55:54,551 - INFO - ==== FEATURE ENGINEERING AND MODEL TRAINING PIPELINE STARTED ====
2026-03-22 04:55:54,563 - INFO - Creating final working DataFrame with selected columns...
2026-03-22 04:55:54,627 - INFO - Final working DataFrame created with shape: (7613, 12)
2026-03-22 04:55:54,648 - INFO - Splitting data into features and target...
2026-03-22 04:55:54,675 - INFO - Train shape: (6090, 3)
2026-03-22 04:55:54,675 - INFO - Test shape: (1523, 3)
2026-03-22 04:55:54,676 - INFO - Train target distribution:
target
0    0.570279
1    0.429721
Name: proportion, dtype: float64
2026-03-22 04:55:54,677 - INFO - Test target distribution:
target
0    0.570584
1    0.429416
Name: proportion, dtype: float64
2026-03-22 04:55:54,678 - INFO - Data split into training and testing sets completed.
2026-03-22 04:55:54,694 - INFO - Initializing TF-IDF vectorizer with parameters: max_features=5000, ngram_range=(1,2), min_df=5, max_df=0.8
2026-03-22 04:55:54,994 - INFO - TF-IDF vectorization completed.
2026-03-22 04:55:54,994 - INFO - TF-IDF feature matrix shapes - Train: (6090, 3906), Test: (1523, 3906)
2026-03-22 04:55:55,128 - INFO - Saved prepared datasets to output directory.
2026-03-22 04:55:55,164 - INFO - Training Logistic Regression model...
2026-03-22 04:55:55,164 - INFO - Model training completed.
2026-03-22 04:55:55,175 - INFO - Model training and evaluation started...
2026-03-22 04:55:55,217 - INFO - Model: linear_svc - Test Accuracy: 0.7912, Precision: 0.7692, Recall: 0.7339, F1 Score: 0.7512
2026-03-22 04:55:55,326 - INFO - Model: logistic_regression - Test Accuracy: 0.8162, Precision: 0.8363, Recall: 0.7110, F1 Score: 0.7686
2026-03-22 04:55:55,409 - INFO - Model: multinomial_nb - Test Accuracy: 0.8129, Precision: 0.8712, Recall: 0.6621, F1 Score: 0.7524
2026-03-22 04:56:04,078 - INFO - Model: random_forest - Test Accuracy: 0.8024, Precision: 0.8262, Recall: 0.6835, F1 Score: 0.7481
2026-03-22 04:56:19,990 - INFO - Model training and evaluation completed.
2026-03-22 04:56:20,002 - INFO - Model comparison started...
2026-03-22 04:56:20,004 - INFO - Model comparison completed.
2026-03-22 04:56:20,024 - INFO - Best model based on test F1 score: logistic_regression
2026-03-22 04:56:20,025 - INFO - Best model selected: logistic_regression
2026-03-22 04:56:20,036 - INFO - Saving TF-IDF vectorizer and best model to disk...
2026-03-22 04:56:20,051 - INFO - Best model saved: logistic_regression
2026-03-22 04:56:20,062 - INFO - Model comparison results saved to: ../data/model_comparison_results.csv
2026-03-22 04:56:20,062 - INFO - ==== FEATURE ENGINEERING AND MODEL TRAINING PIPELINE COMPLETED ====
2026-03-22 05:29:58,165 - INFO - ==== FEATURE ENGINEERING AND MODEL TRAINING PIPELINE STARTED ====
2026-03-22 05:29:58,179 - INFO - Creating final working DataFrame with selected columns...
2026-03-22 05:29:58,247 - INFO - Final working DataFrame created with shape: (7613, 12)
2026-03-22 05:29:58,269 - INFO - Splitting data into features and target...
2026-03-22 05:29:58,289 - INFO - Train shape: (6090, 3)
2026-03-22 05:29:58,290 - INFO - Test shape: (1523, 3)
2026-03-22 05:29:58,291 - INFO - Train target distribution:
target
0    0.570279
1    0.429721
Name: proportion, dtype: float64
2026-03-22 05:29:58,292 - INFO - Test target distribution:
target
0    0.570584
1    0.429416
Name: proportion, dtype: float64
2026-03-22 05:29:58,292 - INFO - Data split into training and testing sets completed.
2026-03-22 05:29:58,308 - INFO - Initializing TF-IDF vectorizer with parameters: max_features=5000, ngram_range=(1,2), min_df=5, max_df=0.8
2026-03-22 05:29:58,571 - INFO - TF-IDF vectorization completed.
2026-03-22 05:29:58,571 - INFO - TF-IDF feature matrix shapes - Train: (6090, 3906), Test: (1523, 3906)
2026-03-22 05:29:58,700 - INFO - Saved prepared datasets to output directory.
2026-03-22 05:29:58,722 - INFO - Training Logistic Regression model...
2026-03-22 05:29:58,724 - INFO - Model training completed.
2026-03-22 05:29:58,739 - INFO - Model training and evaluation started...
2026-03-22 05:29:58,776 - INFO - Model: linear_svc - Test Accuracy: 0.7912, Precision: 0.7692, Recall: 0.7339, F1 Score: 0.7512
2026-03-22 05:29:58,877 - INFO - Model: logistic_regression - Test Accuracy: 0.8162, Precision: 0.8363, Recall: 0.7110, F1 Score: 0.7686
2026-03-22 05:29:58,941 - INFO - Model: multinomial_nb - Test Accuracy: 0.8129, Precision: 0.8712, Recall: 0.6621, F1 Score: 0.7524
2026-03-22 05:30:05,902 - INFO - Model: random_forest - Test Accuracy: 0.8024, Precision: 0.8262, Recall: 0.6835, F1 Score: 0.7481
2026-03-22 05:30:20,115 - INFO - Model training and evaluation completed.
2026-03-22 05:30:20,126 - INFO - Model comparison started...
2026-03-22 05:30:20,128 - INFO - Model comparison completed.
2026-03-22 05:30:20,147 - INFO - Best model based on test F1 score: logistic_regression
2026-03-22 05:30:20,148 - INFO - Best model selected: logistic_regression
2026-03-22 05:30:20,159 - INFO - Saving TF-IDF vectorizer and best model to disk...
2026-03-22 05:30:20,175 - INFO - Best model saved: logistic_regression
2026-03-22 05:30:20,190 - INFO - Model comparison results saved to: ../data/model_comparison_results.csv
2026-03-22 05:30:20,190 - INFO - ==== FEATURE ENGINEERING AND MODEL TRAINING PIPELINE COMPLETED ====
2026-03-22 12:12:33,204 - INFO - ==== FEATURE ENGINEERING AND MODEL TRAINING PIPELINE STARTED ====
2026-03-22 12:12:33,213 - INFO - Creating final working DataFrame with selected columns...
2026-03-22 12:12:33,265 - INFO - Final working DataFrame created with shape: (7613, 12)
2026-03-22 12:12:33,281 - INFO - Splitting data into features and target...
2026-03-22 12:12:33,289 - INFO - Train shape: (6090, 3)
2026-03-22 12:12:33,289 - INFO - Test shape: (1523, 3)
2026-03-22 12:12:33,289 - INFO - Train target distribution:
target
0    0.570279
1    0.429721
Name: proportion, dtype: float64
2026-03-22 12:12:33,290 - INFO - Test target distribution:
target
0    0.570584
1    0.429416
Name: proportion, dtype: float64
2026-03-22 12:12:33,290 - INFO - Data split into training and testing sets completed.
2026-03-22 12:12:33,301 - INFO - Initializing TF-IDF vectorizer with parameters: max_features=5000, ngram_range=(1,2), min_df=5, max_df=0.8
2026-03-22 12:12:33,507 - INFO - TF-IDF vectorization completed.
2026-03-22 12:12:33,507 - INFO - TF-IDF feature matrix shapes - Train: (6090, 3906), Test: (1523, 3906)
2026-03-22 12:12:33,605 - INFO - Saved prepared datasets to output directory.
2026-03-22 12:12:33,623 - INFO - Training Logistic Regression model...
2026-03-22 12:12:33,623 - INFO - Model training completed.
2026-03-22 12:12:33,631 - INFO - Model training and evaluation started...
2026-03-22 12:12:33,660 - INFO - Model: linear_svc - Test Accuracy: 0.7912, Precision: 0.7692, Recall: 0.7339, F1 Score: 0.7512
2026-03-22 12:12:33,729 - INFO - Model: logistic_regression - Test Accuracy: 0.8162, Precision: 0.8363, Recall: 0.7110, F1 Score: 0.7686
2026-03-22 12:12:33,769 - INFO - Model: multinomial_nb - Test Accuracy: 0.8129, Precision: 0.8712, Recall: 0.6621, F1 Score: 0.7524
2026-03-22 12:12:39,214 - INFO - Model: random_forest - Test Accuracy: 0.8024, Precision: 0.8262, Recall: 0.6835, F1 Score: 0.7481
2026-03-22 12:12:49,229 - INFO - Model training and evaluation completed.
2026-03-22 12:12:49,236 - INFO - Model comparison started...
2026-03-22 12:12:49,238 - INFO - Model comparison completed.
2026-03-22 12:12:49,252 - INFO - Best model based on test F1 score: logistic_regression
2026-03-22 12:12:49,253 - INFO - Best model selected: logistic_regression
2026-03-22 12:12:49,260 - INFO - Saving TF-IDF vectorizer and best model to disk...
2026-03-22 12:12:49,272 - INFO - Best model saved: logistic_regression
2026-03-22 12:12:49,286 - INFO - Model comparison results saved to: ../data/model_comparison_results.csv
2026-03-22 12:12:49,286 - INFO - ==== FEATURE ENGINEERING AND MODEL TRAINING PIPELINE COMPLETED ====
2026-03-22 12:59:57,020 - INFO - ==== FEATURE ENGINEERING AND MODEL TRAINING PIPELINE STARTED ====
2026-03-22 12:59:57,031 - INFO - Creating final working DataFrame with selected columns...
2026-03-22 12:59:57,108 - INFO - Final working DataFrame created with shape: (7613, 12)
2026-03-22 12:59:57,124 - INFO - Splitting data into features and target...
2026-03-22 12:59:57,152 - INFO - Train shape: (6090, 3)
2026-03-22 12:59:57,152 - INFO - Test shape: (1523, 3)
2026-03-22 12:59:57,154 - INFO - Train target distribution:
target
0    0.570279
1    0.429721
Name: proportion, dtype: float64
2026-03-22 12:59:57,156 - INFO - Test target distribution:
target
0    0.570584
1    0.429416
Name: proportion, dtype: float64
2026-03-22 12:59:57,156 - INFO - Data split into training and testing sets completed.
2026-03-22 12:59:57,167 - INFO - Initializing TF-IDF vectorizer with parameters: max_features=5000, ngram_range=(1,2), min_df=5, max_df=0.8
2026-03-22 12:59:57,415 - INFO - TF-IDF vectorization completed.
2026-03-22 12:59:57,415 - INFO - TF-IDF feature matrix shapes - Train: (6090, 3906), Test: (1523, 3906)
2026-03-22 12:59:57,514 - INFO - Saved prepared datasets to output directory.
2026-03-22 12:59:57,537 - INFO - Training Logistic Regression model...
2026-03-22 12:59:57,539 - INFO - Model training completed.
2026-03-22 12:59:57,549 - INFO - Model training and evaluation started...
2026-03-22 12:59:57,600 - INFO - Model: linear_svc - Test Accuracy: 0.7912, Precision: 0.7692, Recall: 0.7339, F1 Score: 0.7512
2026-03-22 12:59:57,674 - INFO - Model: logistic_regression - Test Accuracy: 0.8162, Precision: 0.8363, Recall: 0.7110, F1 Score: 0.7686
2026-03-22 12:59:57,718 - INFO - Model: multinomial_nb - Test Accuracy: 0.8129, Precision: 0.8712, Recall: 0.6621, F1 Score: 0.7524
2026-03-22 13:00:03,335 - INFO - Model: random_forest - Test Accuracy: 0.8024, Precision: 0.8262, Recall: 0.6835, F1 Score: 0.7481
2026-03-22 13:00:13,553 - INFO - Model training and evaluation completed.
2026-03-22 13:00:13,561 - INFO - Model comparison started...
2026-03-22 13:00:13,563 - INFO - Model comparison completed.
2026-03-22 13:00:13,577 - INFO - Best model based on test F1 score: logistic_regression
2026-03-22 13:00:13,578 - INFO - Best model selected: logistic_regression
2026-03-22 13:00:13,585 - INFO - Saving TF-IDF vectorizer and best model to disk...
2026-03-22 13:00:13,596 - INFO - Best model saved: logistic_regression
2026-03-22 13:00:13,607 - INFO - Model comparison results saved to: ../data/model_comparison_results.csv
2026-03-22 13:00:13,607 - INFO - ==== FEATURE ENGINEERING AND MODEL TRAINING PIPELINE COMPLETED ====
2026-03-22 13:06:03,912 - INFO - ==== FEATURE ENGINEERING AND MODEL TRAINING PIPELINE STARTED ====
2026-03-22 13:06:03,921 - INFO - Creating final working DataFrame with selected columns...
2026-03-22 13:06:03,970 - INFO - Final working DataFrame created with shape: (7613, 12)
2026-03-22 13:06:03,984 - INFO - Splitting data into features and target...
2026-03-22 13:06:03,991 - INFO - Train shape: (6090, 3)
2026-03-22 13:06:03,991 - INFO - Test shape: (1523, 3)
2026-03-22 13:06:03,992 - INFO - Train target distribution:
target
0    0.570279
1    0.429721
Name: proportion, dtype: float64
2026-03-22 13:06:03,993 - INFO - Test target distribution:
target
0    0.570584
1    0.429416
Name: proportion, dtype: float64
2026-03-22 13:06:03,993 - INFO - Data split into training and testing sets completed.
2026-03-22 13:06:04,003 - INFO - Initializing TF-IDF vectorizer...
2026-03-22 13:06:04,260 - INFO - TF-IDF vectorization completed.
2026-03-22 13:06:04,260 - INFO - TF-IDF feature matrix shapes - Train: (6090, 3906), Test: (1523, 3906)
2026-03-22 13:06:04,366 - INFO - Saved prepared datasets to output directory.
2026-03-22 13:06:04,384 - INFO - Initializing models...
2026-03-22 13:06:04,384 - INFO - Models initialized with calibration and class_weight='balanced'.
2026-03-22 13:06:04,392 - INFO - Model training and evaluation started...
2026-03-22 13:06:04,491 - INFO - Model: linear_svc - Test Accuracy: 0.7965, Precision: 0.7857, Recall: 0.7232, F1 Score: 0.7532
2026-03-22 13:06:04,718 - INFO - Model: logistic_regression - Test Accuracy: 0.7951, Precision: 0.7575, Recall: 0.7691, F1 Score: 0.7633
2026-03-22 13:06:04,851 - INFO - Model: multinomial_nb - Test Accuracy: 0.8116, Precision: 0.8692, Recall: 0.6606, F1 Score: 0.7507
2026-03-22 13:06:13,175 - INFO - Model: random_forest - Test Accuracy: 0.7978, Precision: 0.8204, Recall: 0.6774, F1 Score: 0.7420
2026-03-22 13:06:24,003 - INFO - Model training and evaluation completed.
2026-03-22 13:06:24,011 - INFO - Model comparison started...
2026-03-22 13:06:24,013 - INFO - Model comparison completed.
2026-03-22 13:06:24,027 - INFO - Best model based on test F1 score: logistic_regression
2026-03-22 13:06:24,028 - INFO - Best model selected: logistic_regression
2026-03-22 13:06:24,037 - INFO - Saving TF-IDF vectorizer and best model to disk...
2026-03-22 13:06:24,045 - INFO - Best model saved: logistic_regression
2026-03-22 13:06:24,054 - INFO - Model comparison results saved to: ../data/model_comparison_results.csv
2026-03-22 13:06:24,054 - INFO - ==== FEATURE ENGINEERING AND MODEL TRAINING PIPELINE COMPLETED ====
