2026-03-22 04:56:43,367 - INFO - ==== MODEL INSIGHTS & FEATURE ANALYSIS PIPELINE STARTED ====
2026-03-22 04:56:43,599 - INFO - Preparing data for model insights and feature analysis...
2026-03-22 04:56:43,731 - INFO - Preparation of data for model insights and feature analysis completed.
2026-03-22 04:56:43,746 - INFO - Confusion Matrix:
[[4039  303]
 [ 832 2439]]
2026-03-22 04:56:43,904 - INFO - Confusion matrix heatmap displayed.
2026-03-22 04:56:43,926 - INFO - Classification Report:
              precision    recall  f1-score   support

           0       0.83      0.93      0.88      4342
           1       0.89      0.75      0.81      3271

    accuracy                           0.85      7613
   macro avg       0.86      0.84      0.84      7613
weighted avg       0.86      0.85      0.85      7613

2026-03-22 04:56:43,947 - INFO - ROC Curve and AUC analysis...
2026-03-22 04:56:44,070 - INFO - ROC curve displayed with AUC: 0.9201
2026-03-22 04:56:44,082 - INFO - Precision-Recall Curve analysis started...
2026-03-22 04:56:44,219 - INFO - Precision-Recall curve displayed.
2026-03-22 04:56:44,232 - INFO - Extracting feature importance from the model...
2026-03-22 04:56:44,239 - INFO - Top Disaster Words: ['forest', 'tornado', 'buildings', 'near', 'police', 'bombing', 'earthquake', 'fire', 'accident', 'killed', 'massacre', 'floods', 'suicide', 'storm', 'train', 'wildfire', 'fires', 'california', 'in', 'hiroshima']
2026-03-22 04:56:44,239 - INFO - Top Non-Disaster Words: ['you', 'my', 'new', 'im', 'love', 'full', 'or', 'body', 'harm', 'hes', 'upheaval', 'bloody', 'wrecked', 'nowplaying', 'show', 'bags', 'demolish', 'crushed', 'let', 'his']
2026-03-22 04:56:44,250 - INFO - Missclassified Tweet Analysis - Displaying first 10 misclassified examples...
2026-03-22 04:56:44,254 - INFO -                                                  text  \
4   Just got sent this photo from Ruby #Alaska as ...   
7   I'm on top of the hill and I can see a fire in...   
9   I'm afraid that the tornado is coming to our a...   
11  Haha South Tampa is getting flooded hah- WAIT ...   
12  #raining #flooding #Florida #TampaBay #Tampa 1...   
31  @bbcmtd Wholesale Markets ablaze http://t.co/l...   
51  Man wife get six years jail for setting ablaze...   
52  SANTA CRUZ ÛÓ Head of the St Elizabeth Police...   
56  TRUCK ABLAZE : R21. VOORTREKKER AVE. OUTSIDE O...   
71  #stlouis #caraccidentlawyer Speeding Among Top...   

                                           clean_text  target  predicted  
4   just got sent this photo from ruby alaska as s...       1          0  
7   im on top of the hill and i can see a fire in ...       1          0  
9    im afraid that the tornado is coming to our area       1          0  
11  haha south tampa is getting flooded hah wait a...       1          0  
12  raining flooding florida tampabay tampa or day...       1          0  
31                           wholesale markets ablaze       1          0  
51  man wife get six years jail for setting ablaze...       1          0  
52  santa cruz ûó head of the st elizabeth police...       0          1  
56  truck ablaze r voortrekker ave outside or tamb...       1          0  
71  stlouis caraccidentlawyer speeding among top c...       0          1  
2026-03-22 04:56:44,276 - INFO - Analyzing word count in misclassified tweets...
2026-03-22 04:56:44,436 - INFO - Word count distribution for misclassified tweets displayed.
2026-03-22 04:56:44,454 - INFO - Saving misclassified tweets to CSV file...
2026-03-22 04:56:44,471 - INFO - Misclassified tweets saved to `../data/misclassified_tweets.csv` file.
2026-03-22 04:56:44,471 - INFO - ==== MODEL INSIGHTS & FEATURE ANALYSIS PIPELINE COMPLETED ====
2026-03-22 05:31:22,058 - INFO - ==== MODEL INSIGHTS & FEATURE ANALYSIS PIPELINE STARTED ====
2026-03-22 05:31:22,244 - INFO - Preparing data for model insights and feature analysis...
2026-03-22 05:31:22,393 - INFO - Preparation of data for model insights and feature analysis completed.
2026-03-22 05:31:22,410 - INFO - Confusion Matrix:
[[4039  303]
 [ 832 2439]]
2026-03-22 05:31:22,556 - INFO - Confusion matrix heatmap displayed.
2026-03-22 05:31:22,580 - INFO - Classification Report:
              precision    recall  f1-score   support

           0       0.83      0.93      0.88      4342
           1       0.89      0.75      0.81      3271

    accuracy                           0.85      7613
   macro avg       0.86      0.84      0.84      7613
weighted avg       0.86      0.85      0.85      7613

2026-03-22 05:31:22,599 - INFO - ROC Curve and AUC analysis...
2026-03-22 05:31:22,714 - INFO - ROC curve displayed with AUC: 0.9201
2026-03-22 05:31:22,725 - INFO - Precision-Recall Curve analysis started...
2026-03-22 05:31:22,830 - INFO - Precision-Recall curve displayed.
2026-03-22 05:31:22,844 - INFO - Extracting feature importance from the model...
2026-03-22 05:31:22,848 - INFO - Top Disaster Words: ['forest', 'tornado', 'buildings', 'near', 'police', 'bombing', 'earthquake', 'fire', 'accident', 'killed', 'massacre', 'floods', 'suicide', 'storm', 'train', 'wildfire', 'fires', 'california', 'in', 'hiroshima']
2026-03-22 05:31:22,849 - INFO - Top Non-Disaster Words: ['you', 'my', 'new', 'im', 'love', 'full', 'or', 'body', 'harm', 'hes', 'upheaval', 'bloody', 'wrecked', 'nowplaying', 'show', 'bags', 'demolish', 'crushed', 'let', 'his']
2026-03-22 05:31:22,861 - INFO - Missclassified Tweet Analysis - Displaying first 10 misclassified examples...
2026-03-22 05:31:22,866 - INFO -                                                  text  \
4   Just got sent this photo from Ruby #Alaska as ...   
7   I'm on top of the hill and I can see a fire in...   
9   I'm afraid that the tornado is coming to our a...   
11  Haha South Tampa is getting flooded hah- WAIT ...   
12  #raining #flooding #Florida #TampaBay #Tampa 1...   
31  @bbcmtd Wholesale Markets ablaze http://t.co/l...   
51  Man wife get six years jail for setting ablaze...   
52  SANTA CRUZ ÛÓ Head of the St Elizabeth Police...   
56  TRUCK ABLAZE : R21. VOORTREKKER AVE. OUTSIDE O...   
71  #stlouis #caraccidentlawyer Speeding Among Top...   

                                           clean_text  target  predicted  
4   just got sent this photo from ruby alaska as s...       1          0  
7   im on top of the hill and i can see a fire in ...       1          0  
9    im afraid that the tornado is coming to our area       1          0  
11  haha south tampa is getting flooded hah wait a...       1          0  
12  raining flooding florida tampabay tampa or day...       1          0  
31                           wholesale markets ablaze       1          0  
51  man wife get six years jail for setting ablaze...       1          0  
52  santa cruz ûó head of the st elizabeth police...       0          1  
56  truck ablaze r voortrekker ave outside or tamb...       1          0  
71  stlouis caraccidentlawyer speeding among top c...       0          1  
2026-03-22 05:31:22,887 - INFO - Analyzing word count in misclassified tweets...
2026-03-22 05:31:23,116 - INFO - Word count distribution for misclassified tweets displayed.
2026-03-22 05:31:23,136 - INFO - Saving misclassified tweets to CSV file...
2026-03-22 05:31:23,152 - INFO - Misclassified tweets saved to `../data/misclassified_tweets.csv` file.
2026-03-22 05:31:23,152 - INFO - ==== MODEL INSIGHTS & FEATURE ANALYSIS PIPELINE COMPLETED ====
2026-03-22 05:32:09,120 - INFO - ==== MODEL INSIGHTS & FEATURE ANALYSIS PIPELINE STARTED ====
2026-03-22 05:32:09,209 - INFO - Preparing data for model insights and feature analysis...
2026-03-22 05:32:09,349 - INFO - Preparation of data for model insights and feature analysis completed.
2026-03-22 05:32:09,362 - INFO - Confusion Matrix:
[[4039  303]
 [ 832 2439]]
2026-03-22 05:32:09,490 - INFO - Confusion matrix heatmap displayed.
2026-03-22 05:32:09,512 - INFO - Classification Report:
              precision    recall  f1-score   support

           0       0.83      0.93      0.88      4342
           1       0.89      0.75      0.81      3271

    accuracy                           0.85      7613
   macro avg       0.86      0.84      0.84      7613
weighted avg       0.86      0.85      0.85      7613

2026-03-22 05:32:09,534 - INFO - ROC Curve and AUC analysis...
2026-03-22 05:32:09,648 - INFO - ROC curve displayed with AUC: 0.9201
2026-03-22 05:32:09,661 - INFO - Precision-Recall Curve analysis started...
2026-03-22 05:32:09,767 - INFO - Precision-Recall curve displayed.
2026-03-22 05:32:09,779 - INFO - Extracting feature importance from the model...
2026-03-22 05:32:09,783 - INFO - Top Disaster Words: ['forest', 'tornado', 'buildings', 'near', 'police', 'bombing', 'earthquake', 'fire', 'accident', 'killed', 'massacre', 'floods', 'suicide', 'storm', 'train', 'wildfire', 'fires', 'california', 'in', 'hiroshima']
2026-03-22 05:32:09,783 - INFO - Top Non-Disaster Words: ['you', 'my', 'new', 'im', 'love', 'full', 'or', 'body', 'harm', 'hes', 'upheaval', 'bloody', 'wrecked', 'nowplaying', 'show', 'bags', 'demolish', 'crushed', 'let', 'his']
2026-03-22 05:32:09,793 - INFO - Missclassified Tweet Analysis - Displaying first 10 misclassified examples...
2026-03-22 05:32:09,796 - INFO -                                                  text  \
4   Just got sent this photo from Ruby #Alaska as ...   
7   I'm on top of the hill and I can see a fire in...   
9   I'm afraid that the tornado is coming to our a...   
11  Haha South Tampa is getting flooded hah- WAIT ...   
12  #raining #flooding #Florida #TampaBay #Tampa 1...   
31  @bbcmtd Wholesale Markets ablaze http://t.co/l...   
51  Man wife get six years jail for setting ablaze...   
52  SANTA CRUZ ÛÓ Head of the St Elizabeth Police...   
56  TRUCK ABLAZE : R21. VOORTREKKER AVE. OUTSIDE O...   
71  #stlouis #caraccidentlawyer Speeding Among Top...   

                                           clean_text  target  predicted  
4   just got sent this photo from ruby alaska as s...       1          0  
7   im on top of the hill and i can see a fire in ...       1          0  
9    im afraid that the tornado is coming to our area       1          0  
11  haha south tampa is getting flooded hah wait a...       1          0  
12  raining flooding florida tampabay tampa or day...       1          0  
31                           wholesale markets ablaze       1          0  
51  man wife get six years jail for setting ablaze...       1          0  
52  santa cruz ûó head of the st elizabeth police...       0          1  
56  truck ablaze r voortrekker ave outside or tamb...       1          0  
71  stlouis caraccidentlawyer speeding among top c...       0          1  
2026-03-22 05:32:09,815 - INFO - Analyzing word count in misclassified tweets...
2026-03-22 05:32:09,993 - INFO - Word count distribution for misclassified tweets displayed.
2026-03-22 05:32:10,012 - INFO - Saving misclassified tweets to CSV file...
2026-03-22 05:32:10,030 - INFO - Misclassified tweets saved to `../data/misclassified_tweets.csv` file.
2026-03-22 05:32:10,030 - INFO - ==== MODEL INSIGHTS & FEATURE ANALYSIS PIPELINE COMPLETED ====
2026-03-22 12:13:08,763 - INFO - ==== MODEL INSIGHTS & FEATURE ANALYSIS PIPELINE STARTED ====
2026-03-22 12:13:08,882 - INFO - Preparing data for model insights and feature analysis...
2026-03-22 12:13:08,986 - INFO - Preparation of data for model insights and feature analysis completed.
2026-03-22 12:13:08,994 - INFO - Confusion Matrix:
[[4039  303]
 [ 832 2439]]
2026-03-22 12:13:09,092 - INFO - Confusion matrix heatmap displayed.
2026-03-22 12:13:09,106 - INFO - Classification Report:
              precision    recall  f1-score   support

           0       0.83      0.93      0.88      4342
           1       0.89      0.75      0.81      3271

    accuracy                           0.85      7613
   macro avg       0.86      0.84      0.84      7613
weighted avg       0.86      0.85      0.85      7613

2026-03-22 12:13:09,118 - INFO - ROC Curve and AUC analysis...
2026-03-22 12:13:09,201 - INFO - ROC curve displayed with AUC: 0.9201
2026-03-22 12:13:09,210 - INFO - Precision-Recall Curve analysis started...
2026-03-22 12:13:09,289 - INFO - Precision-Recall curve displayed.
2026-03-22 12:13:09,298 - INFO - Extracting feature importance from the model...
2026-03-22 12:13:09,300 - INFO - Top Disaster Words: ['forest', 'tornado', 'buildings', 'near', 'police', 'bombing', 'earthquake', 'fire', 'accident', 'killed', 'massacre', 'floods', 'suicide', 'storm', 'train', 'wildfire', 'fires', 'california', 'in', 'hiroshima']
2026-03-22 12:13:09,301 - INFO - Top Non-Disaster Words: ['you', 'my', 'new', 'im', 'love', 'full', 'or', 'body', 'harm', 'hes', 'upheaval', 'bloody', 'wrecked', 'nowplaying', 'show', 'bags', 'demolish', 'crushed', 'let', 'his']
2026-03-22 12:13:09,308 - INFO - Missclassified Tweet Analysis - Displaying first 10 misclassified examples...
2026-03-22 12:13:09,310 - INFO -                                                  text  \
4   Just got sent this photo from Ruby #Alaska as ...   
7   I'm on top of the hill and I can see a fire in...   
9   I'm afraid that the tornado is coming to our a...   
11  Haha South Tampa is getting flooded hah- WAIT ...   
12  #raining #flooding #Florida #TampaBay #Tampa 1...   
31  @bbcmtd Wholesale Markets ablaze http://t.co/l...   
51  Man wife get six years jail for setting ablaze...   
52  SANTA CRUZ ÛÓ Head of the St Elizabeth Police...   
56  TRUCK ABLAZE : R21. VOORTREKKER AVE. OUTSIDE O...   
71  #stlouis #caraccidentlawyer Speeding Among Top...   

                                           clean_text  target  predicted  
4   just got sent this photo from ruby alaska as s...       1          0  
7   im on top of the hill and i can see a fire in ...       1          0  
9    im afraid that the tornado is coming to our area       1          0  
11  haha south tampa is getting flooded hah wait a...       1          0  
12  raining flooding florida tampabay tampa or day...       1          0  
31                           wholesale markets ablaze       1          0  
51  man wife get six years jail for setting ablaze...       1          0  
52  santa cruz ûó head of the st elizabeth police...       0          1  
56  truck ablaze r voortrekker ave outside or tamb...       1          0  
71  stlouis caraccidentlawyer speeding among top c...       0          1  
2026-03-22 12:13:09,324 - INFO - Analyzing word count in misclassified tweets...
2026-03-22 12:13:09,446 - INFO - Word count distribution for misclassified tweets displayed.
2026-03-22 12:13:09,460 - INFO - Saving misclassified tweets to CSV file...
2026-03-22 12:13:09,472 - INFO - Misclassified tweets saved to `../data/misclassified_tweets.csv` file.
2026-03-22 12:13:09,472 - INFO - ==== MODEL INSIGHTS & FEATURE ANALYSIS PIPELINE COMPLETED ====
2026-03-22 13:00:21,553 - INFO - ==== MODEL INSIGHTS & FEATURE ANALYSIS PIPELINE STARTED ====
2026-03-22 13:00:21,796 - INFO - Preparing data for model insights and feature analysis...
2026-03-22 13:00:21,923 - INFO - Preparation of data for model insights and feature analysis completed.
2026-03-22 13:00:21,936 - INFO - Confusion Matrix:
[[4039  303]
 [ 832 2439]]
2026-03-22 13:00:22,080 - INFO - Confusion matrix heatmap displayed.
2026-03-22 13:00:22,096 - INFO - Classification Report:
              precision    recall  f1-score   support

           0       0.83      0.93      0.88      4342
           1       0.89      0.75      0.81      3271

    accuracy                           0.85      7613
   macro avg       0.86      0.84      0.84      7613
weighted avg       0.86      0.85      0.85      7613

2026-03-22 13:00:22,111 - INFO - ROC Curve and AUC analysis...
2026-03-22 13:00:22,207 - INFO - ROC curve displayed with AUC: 0.9201
2026-03-22 13:00:22,216 - INFO - Precision-Recall Curve analysis started...
2026-03-22 13:00:22,299 - INFO - Precision-Recall curve displayed.
2026-03-22 13:00:22,308 - INFO - Extracting feature importance from the model...
2026-03-22 13:00:22,312 - INFO - Top Disaster Words: ['forest', 'tornado', 'buildings', 'near', 'police', 'bombing', 'earthquake', 'fire', 'accident', 'killed', 'massacre', 'floods', 'suicide', 'storm', 'train', 'wildfire', 'fires', 'california', 'in', 'hiroshima']
2026-03-22 13:00:22,312 - INFO - Top Non-Disaster Words: ['you', 'my', 'new', 'im', 'love', 'full', 'or', 'body', 'harm', 'hes', 'upheaval', 'bloody', 'wrecked', 'nowplaying', 'show', 'bags', 'demolish', 'crushed', 'let', 'his']
2026-03-22 13:00:22,320 - INFO - Missclassified Tweet Analysis - Displaying first 10 misclassified examples...
2026-03-22 13:00:22,326 - INFO -                                                  text  \
4   Just got sent this photo from Ruby #Alaska as ...   
7   I'm on top of the hill and I can see a fire in...   
9   I'm afraid that the tornado is coming to our a...   
11  Haha South Tampa is getting flooded hah- WAIT ...   
12  #raining #flooding #Florida #TampaBay #Tampa 1...   
31  @bbcmtd Wholesale Markets ablaze http://t.co/l...   
51  Man wife get six years jail for setting ablaze...   
52  SANTA CRUZ ÛÓ Head of the St Elizabeth Police...   
56  TRUCK ABLAZE : R21. VOORTREKKER AVE. OUTSIDE O...   
71  #stlouis #caraccidentlawyer Speeding Among Top...   

                                           clean_text  target  predicted  
4   just got sent this photo from ruby alaska as s...       1          0  
7   im on top of the hill and i can see a fire in ...       1          0  
9    im afraid that the tornado is coming to our area       1          0  
11  haha south tampa is getting flooded hah wait a...       1          0  
12  raining flooding florida tampabay tampa or day...       1          0  
31                           wholesale markets ablaze       1          0  
51  man wife get six years jail for setting ablaze...       1          0  
52  santa cruz ûó head of the st elizabeth police...       0          1  
56  truck ablaze r voortrekker ave outside or tamb...       1          0  
71  stlouis caraccidentlawyer speeding among top c...       0          1  
2026-03-22 13:00:22,341 - INFO - Analyzing word count in misclassified tweets...
2026-03-22 13:00:22,470 - INFO - Word count distribution for misclassified tweets displayed.
2026-03-22 13:00:22,484 - INFO - Saving misclassified tweets to CSV file...
2026-03-22 13:00:22,496 - INFO - Misclassified tweets saved to `../data/misclassified_tweets.csv` file.
2026-03-22 13:00:22,496 - INFO - ==== MODEL INSIGHTS & FEATURE ANALYSIS PIPELINE COMPLETED ====
2026-03-22 13:06:32,745 - INFO - ==== MODEL INSIGHTS & FEATURE ANALYSIS PIPELINE STARTED ====
2026-03-22 13:06:32,902 - INFO - Preparing data for model insights and feature analysis...
2026-03-22 13:06:33,019 - INFO - Preparation of data for model insights and feature analysis completed.
2026-03-22 13:06:33,028 - INFO - Confusion Matrix:
[[3810  532]
 [ 607 2664]]
2026-03-22 13:06:33,123 - INFO - Confusion matrix heatmap displayed.
2026-03-22 13:06:33,136 - INFO - Classification Report:
              precision    recall  f1-score   support

           0       0.86      0.88      0.87      4342
           1       0.83      0.81      0.82      3271

    accuracy                           0.85      7613
   macro avg       0.85      0.85      0.85      7613
weighted avg       0.85      0.85      0.85      7613

2026-03-22 13:06:33,151 - INFO - ROC Curve and AUC analysis...
2026-03-22 13:06:33,238 - INFO - ROC curve displayed with AUC: 0.9218
2026-03-22 13:06:33,246 - INFO - Precision-Recall Curve analysis started...
2026-03-22 13:06:33,327 - INFO - Precision-Recall curve displayed.
2026-03-22 13:06:33,335 - INFO - Extracting feature importance from the model...
2026-03-22 13:06:33,338 - INFO - Top Disaster Words: ['mass', 'tornado', 'buildings', 'near', 'police', 'bombing', 'earthquake', 'killed', 'massacre', 'accident', 'suicide', 'floods', 'fire', 'train', 'storm', 'wildfire', 'california', 'fires', 'in', 'hiroshima']
2026-03-22 13:06:33,339 - INFO - Top Non-Disaster Words: ['you', 'my', 'new', 'im', 'love', 'full', 'or', 'harm', 'body', 'hes', 'bloody', 'upheaval', 'wrecked', 'nowplaying', 'show', 'bags', 'let', 'crushed', 'demolish', 'all']
2026-03-22 13:06:33,347 - INFO - Missclassified Tweet Analysis - Displaying first 10 misclassified examples...
2026-03-22 13:06:33,349 - INFO -                                                  text  \
4   Just got sent this photo from Ruby #Alaska as ...   
11  Haha South Tampa is getting flooded hah- WAIT ...   
12  #raining #flooding #Florida #TampaBay #Tampa 1...   
26                              Was in NYC last week!   
35  On plus side LOOK AT THE SKY LAST NIGHT IT WAS...   
43       SOOOO PUMPED FOR ABLAZE ???? @southridgelife   
47  Building the perfect tracklist to life leave t...   
52  SANTA CRUZ ÛÓ Head of the St Elizabeth Police...   
60  Revel in yours wmv videos by means of mac fare...   
61  Progressive greetings!\n\nIn about a month stu...   

                                           clean_text  target  predicted  
4   just got sent this photo from ruby alaska as s...       1          0  
11  haha south tampa is getting flooded hah wait a...       1          0  
12  raining flooding florida tampabay tampa or day...       1          0  
26                               was in nyc last week       0          1  
35  on plus side look at the sky last night it was...       0          1  
43                            soooo pumped for ablaze       0          1  
47  building the perfect tracklist to life leave t...       0          1  
52  santa cruz ûó head of the st elizabeth police...       0          1  
60  revel in yours wmv videos by means of mac fare...       0          1  
61  progressive greetings in about a month student...       0          1  
2026-03-22 13:06:33,363 - INFO - Analyzing word count in misclassified tweets...
2026-03-22 13:06:33,483 - INFO - Word count distribution for misclassified tweets displayed.
2026-03-22 13:06:33,496 - INFO - Saving misclassified tweets to CSV file...
2026-03-22 13:06:33,507 - INFO - Misclassified tweets saved to `../data/misclassified_tweets.csv` file.
2026-03-22 13:06:33,507 - INFO - ==== MODEL INSIGHTS & FEATURE ANALYSIS PIPELINE COMPLETED ====
